{"contracts/base/Managed.sol":{"l":{"34":0,"35":0,"46":4,"47":3,"48":3,"49":3,"59":2,"60":1,"61":1},"path":"/Users/julienniset/Argent/dev/argent-trustlists/contracts/base/Managed.sol","s":{"1":0,"2":4,"3":3,"4":3,"5":3,"6":2,"7":1},"b":{"1":[0,0],"2":[3,1],"3":[3,0],"4":[1,1]},"f":{"1":0,"2":4,"3":2},"fnMap":{"1":{"name":"onlyManager","line":33,"loc":{"start":{"line":33,"column":4},"end":{"line":36,"column":4}}},"2":{"name":"addManager","line":45,"loc":{"start":{"line":45,"column":4},"end":{"line":51,"column":4}}},"3":{"name":"revokeManager","line":57,"loc":{"start":{"line":57,"column":4},"end":{"line":62,"column":4}}}},"statementMap":{"1":{"start":{"line":34,"column":8},"end":{"line":34,"column":66}},"2":{"start":{"line":46,"column":8},"end":{"line":46,"column":69}},"3":{"start":{"line":47,"column":8},"end":{"line":47,"column":1549}},"4":{"start":{"line":48,"column":12},"end":{"line":48,"column":36}},"5":{"start":{"line":49,"column":12},"end":{"line":49,"column":39}},"6":{"start":{"line":59,"column":8},"end":{"line":59,"column":83}},"7":{"start":{"line":61,"column":8},"end":{"line":61,"column":37}}},"branchMap":{"1":{"line":34,"type":"if","locations":[{"start":{"line":34,"column":8},"end":{"line":34,"column":8}},{"start":{"line":34,"column":8},"end":{"line":34,"column":8}}]},"2":{"line":46,"type":"if","locations":[{"start":{"line":46,"column":8},"end":{"line":46,"column":8}},{"start":{"line":46,"column":8},"end":{"line":46,"column":8}}]},"3":{"line":47,"type":"if","locations":[{"start":{"line":47,"column":8},"end":{"line":47,"column":8}},{"start":{"line":47,"column":8},"end":{"line":47,"column":8}}]},"4":{"line":59,"type":"if","locations":[{"start":{"line":59,"column":8},"end":{"line":59,"column":8}},{"start":{"line":59,"column":8},"end":{"line":59,"column":8}}]}}},"contracts/base/Owned.sol":{"l":{"34":10,"35":8,"39":18,"47":2,"48":1,"49":1},"path":"/Users/julienniset/Argent/dev/argent-trustlists/contracts/base/Owned.sol","s":{"1":10,"2":18,"3":2,"4":1,"5":1},"b":{"1":[8,2],"2":[1,1]},"f":{"1":10,"2":18,"3":2},"fnMap":{"1":{"name":"onlyOwner","line":33,"loc":{"start":{"line":33,"column":4},"end":{"line":36,"column":4}}},"2":{"name":"constructor","line":38,"loc":{"start":{"line":38,"column":4},"end":{"line":40,"column":4}}},"3":{"name":"changeOwner","line":46,"loc":{"start":{"line":46,"column":4},"end":{"line":50,"column":4}}}},"statementMap":{"1":{"start":{"line":34,"column":8},"end":{"line":34,"column":52}},"2":{"start":{"line":39,"column":8},"end":{"line":39,"column":25}},"3":{"start":{"line":47,"column":8},"end":{"line":47,"column":67}},"4":{"start":{"line":48,"column":8},"end":{"line":48,"column":24}},"5":{"start":{"line":49,"column":8},"end":{"line":49,"column":36}}},"branchMap":{"1":{"line":34,"type":"if","locations":[{"start":{"line":34,"column":8},"end":{"line":34,"column":8}},{"start":{"line":34,"column":8},"end":{"line":34,"column":8}}]},"2":{"line":47,"type":"if","locations":[{"start":{"line":47,"column":8},"end":{"line":47,"column":8}},{"start":{"line":47,"column":8},"end":{"line":47,"column":8}}]}}},"contracts/DappRegistry.sol":{"l":{"51":52,"52":47,"57":66,"59":66,"61":66,"62":66,"73":2,"74":2,"85":178,"88":178,"89":178,"90":178,"91":178,"92":178,"93":178,"94":171,"95":171,"96":116,"101":62,"122":39,"123":53,"124":15,"127":24,"136":1,"137":1,"138":1,"139":1,"140":1,"141":1,"154":4,"155":3,"156":2,"157":2,"169":1,"170":1,"171":1,"180":1,"181":1,"182":1,"189":2,"190":2,"191":1,"192":1,"193":1,"194":1,"207":28,"208":28,"209":28,"219":37,"220":36,"222":36,"223":36,"233":2,"234":1,"235":1,"236":1,"248":2,"249":1,"251":1,"252":1,"261":3,"262":3,"263":2,"264":2,"265":1,"266":1,"267":1,"273":52,"274":52,"275":52},"path":"/Users/julienniset/Argent/dev/argent-trustlists/contracts/DappRegistry.sol","s":{"1":52,"2":66,"3":66,"4":66,"5":66,"6":2,"7":2,"8":178,"9":178,"10":178,"11":178,"12":178,"13":178,"14":178,"15":171,"16":171,"17":116,"18":62,"19":39,"20":53,"21":15,"22":24,"23":1,"24":1,"25":1,"26":1,"27":1,"28":1,"29":4,"30":3,"31":2,"32":2,"33":1,"34":1,"35":1,"36":1,"37":1,"38":1,"39":2,"40":2,"41":1,"42":1,"43":1,"44":1,"45":28,"46":28,"47":28,"48":37,"49":36,"50":36,"51":36,"52":2,"53":1,"54":2,"55":1,"56":1,"57":1,"58":3,"59":3,"60":2,"61":2,"62":1,"63":1,"64":52,"65":52,"66":52},"b":{"1":[178,0],"2":[171,7],"3":[116,55],"4":[15,38],"5":[1,0],"6":[1,0],"7":[3,1],"8":[2,1],"9":[1,0],"10":[1,1],"11":[36,1],"12":[1,1],"13":[1,1],"14":[2,1],"15":[1,1],"16":[52,0],"17":[47,5]},"f":{"1":52,"2":66,"3":2,"4":178,"5":39,"6":1,"7":4,"8":1,"9":1,"10":2,"11":28,"12":37,"13":2,"14":2,"15":3,"16":52},"fnMap":{"1":{"name":"onlyOwner","line":50,"loc":{"start":{"line":50,"column":4},"end":{"line":53,"column":4}}},"2":{"name":"constructor","line":55,"loc":{"start":{"line":55,"column":4},"end":{"line":63,"column":4}}},"3":{"name":"isEnabledRegistry","line":72,"loc":{"start":{"line":72,"column":4},"end":{"line":75,"column":4}}},"4":{"name":"isAuthorised","line":84,"loc":{"start":{"line":84,"column":4},"end":{"line":102,"column":4}}},"5":{"name":"areAuthorised","line":111,"loc":{"start":{"line":111,"column":4},"end":{"line":128,"column":4}}},"6":{"name":"toggleRegistry","line":135,"loc":{"start":{"line":135,"column":4},"end":{"line":143,"column":4}}},"7":{"name":"createRegistry","line":153,"loc":{"start":{"line":153,"column":4},"end":{"line":158,"column":4}}},"8":{"name":"changeOwner","line":168,"loc":{"start":{"line":168,"column":4},"end":{"line":172,"column":4}}},"9":{"name":"requestTimelockChange","line":179,"loc":{"start":{"line":179,"column":4},"end":{"line":183,"column":4}}},"10":{"name":"confirmTimelockChange","line":188,"loc":{"start":{"line":188,"column":4},"end":{"line":195,"column":4}}},"11":{"name":"getAuthorisation","line":206,"loc":{"start":{"line":206,"column":4},"end":{"line":210,"column":4}}},"12":{"name":"addDapp","line":218,"loc":{"start":{"line":218,"column":4},"end":{"line":224,"column":4}}},"13":{"name":"removeDapp","line":232,"loc":{"start":{"line":232,"column":4},"end":{"line":237,"column":4}}},"14":{"name":"requestFilterUpdate","line":247,"loc":{"start":{"line":247,"column":4},"end":{"line":253,"column":4}}},"15":{"name":"confirmFilterUpdate","line":260,"loc":{"start":{"line":260,"column":4},"end":{"line":268,"column":4}}},"16":{"name":"validateOwner","line":272,"loc":{"start":{"line":272,"column":4},"end":{"line":276,"column":4}}}},"statementMap":{"1":{"start":{"line":51,"column":8},"end":{"line":51,"column":33}},"2":{"start":{"line":57,"column":8},"end":{"line":57,"column":39}},"3":{"start":{"line":59,"column":8},"end":{"line":59,"column":37}},"4":{"start":{"line":61,"column":8},"end":{"line":61,"column":43}},"5":{"start":{"line":62,"column":8},"end":{"line":62,"column":45}},"6":{"start":{"line":73,"column":8},"end":{"line":73,"column":59}},"7":{"start":{"line":74,"column":8},"end":{"line":74,"column":134}},"8":{"start":{"line":85,"column":8},"end":{"line":85,"column":59}},"9":{"start":{"line":88,"column":8},"end":{"line":88,"column":4215}},"10":{"start":{"line":89,"column":12},"end":{"line":89,"column":146}},"11":{"start":{"line":90,"column":12},"end":{"line":90,"column":4471}},"12":{"start":{"line":91,"column":16},"end":{"line":91,"column":77}},"13":{"start":{"line":92,"column":16},"end":{"line":92,"column":59}},"14":{"start":{"line":93,"column":16},"end":{"line":93,"column":4676}},"15":{"start":{"line":94,"column":20},"end":{"line":94,"column":65}},"16":{"start":{"line":95,"column":20},"end":{"line":95,"column":4879}},"17":{"start":{"line":96,"column":24},"end":{"line":96,"column":35}},"18":{"start":{"line":101,"column":8},"end":{"line":101,"column":20}},"19":{"start":{"line":122,"column":8},"end":{"line":122,"column":5691}},"20":{"start":{"line":123,"column":12},"end":{"line":123,"column":5752}},"21":{"start":{"line":124,"column":16},"end":{"line":124,"column":28}},"22":{"start":{"line":127,"column":8},"end":{"line":127,"column":19}},"23":{"start":{"line":136,"column":8},"end":{"line":136,"column":81}},"24":{"start":{"line":137,"column":8},"end":{"line":137,"column":62}},"25":{"start":{"line":138,"column":8},"end":{"line":138,"column":142}},"26":{"start":{"line":139,"column":8},"end":{"line":139,"column":6558}},"27":{"start":{"line":140,"column":12},"end":{"line":140,"column":90}},"28":{"start":{"line":141,"column":12},"end":{"line":141,"column":67}},"29":{"start":{"line":154,"column":8},"end":{"line":154,"column":71}},"30":{"start":{"line":155,"column":8},"end":{"line":155,"column":83}},"31":{"start":{"line":156,"column":8},"end":{"line":156,"column":51}},"32":{"start":{"line":157,"column":8},"end":{"line":157,"column":57}},"33":{"start":{"line":169,"column":8},"end":{"line":169,"column":78}},"34":{"start":{"line":170,"column":8},"end":{"line":170,"column":54}},"35":{"start":{"line":171,"column":8},"end":{"line":171,"column":57}},"36":{"start":{"line":180,"column":8},"end":{"line":180,"column":45}},"37":{"start":{"line":181,"column":8},"end":{"line":181,"column":75}},"38":{"start":{"line":182,"column":8},"end":{"line":182,"column":56}},"39":{"start":{"line":189,"column":8},"end":{"line":189,"column":44}},"40":{"start":{"line":190,"column":8},"end":{"line":190,"column":128}},"41":{"start":{"line":191,"column":8},"end":{"line":191,"column":33}},"42":{"start":{"line":192,"column":8},"end":{"line":192,"column":28}},"43":{"start":{"line":193,"column":8},"end":{"line":193,"column":36}},"44":{"start":{"line":194,"column":8},"end":{"line":194,"column":39}},"45":{"start":{"line":207,"column":8},"end":{"line":207,"column":60}},"46":{"start":{"line":208,"column":8},"end":{"line":208,"column":44}},"47":{"start":{"line":209,"column":8},"end":{"line":209,"column":53}},"48":{"start":{"line":219,"column":8},"end":{"line":219,"column":90}},"49":{"start":{"line":220,"column":8},"end":{"line":220,"column":58}},"50":{"start":{"line":222,"column":8},"end":{"line":222,"column":96}},"51":{"start":{"line":223,"column":8},"end":{"line":223,"column":63}},"52":{"start":{"line":233,"column":8},"end":{"line":233,"column":84}},"53":{"start":{"line":236,"column":8},"end":{"line":236,"column":44}},"54":{"start":{"line":248,"column":8},"end":{"line":248,"column":84}},"55":{"start":{"line":249,"column":8},"end":{"line":249,"column":58}},"56":{"start":{"line":251,"column":8},"end":{"line":251,"column":102}},"57":{"start":{"line":252,"column":8},"end":{"line":252,"column":75}},"58":{"start":{"line":261,"column":8},"end":{"line":261,"column":69}},"59":{"start":{"line":262,"column":8},"end":{"line":262,"column":59}},"60":{"start":{"line":263,"column":8},"end":{"line":263,"column":54}},"61":{"start":{"line":264,"column":8},"end":{"line":264,"column":78}},"62":{"start":{"line":265,"column":8},"end":{"line":265,"column":60}},"63":{"start":{"line":266,"column":8},"end":{"line":266,"column":91}},"64":{"start":{"line":273,"column":8},"end":{"line":273,"column":51}},"65":{"start":{"line":274,"column":8},"end":{"line":274,"column":59}},"66":{"start":{"line":275,"column":8},"end":{"line":275,"column":67}}},"branchMap":{"1":{"line":90,"type":"if","locations":[{"start":{"line":90,"column":12},"end":{"line":90,"column":12}},{"start":{"line":90,"column":12},"end":{"line":90,"column":12}}]},"2":{"line":93,"type":"if","locations":[{"start":{"line":93,"column":16},"end":{"line":93,"column":16}},{"start":{"line":93,"column":16},"end":{"line":93,"column":16}}]},"3":{"line":95,"type":"if","locations":[{"start":{"line":95,"column":20},"end":{"line":95,"column":20}},{"start":{"line":95,"column":20},"end":{"line":95,"column":20}}]},"4":{"line":123,"type":"if","locations":[{"start":{"line":123,"column":12},"end":{"line":123,"column":12}},{"start":{"line":123,"column":12},"end":{"line":123,"column":12}}]},"5":{"line":136,"type":"if","locations":[{"start":{"line":136,"column":8},"end":{"line":136,"column":8}},{"start":{"line":136,"column":8},"end":{"line":136,"column":8}}]},"6":{"line":139,"type":"if","locations":[{"start":{"line":139,"column":8},"end":{"line":139,"column":8}},{"start":{"line":139,"column":8},"end":{"line":139,"column":8}}]},"7":{"line":154,"type":"if","locations":[{"start":{"line":154,"column":8},"end":{"line":154,"column":8}},{"start":{"line":154,"column":8},"end":{"line":154,"column":8}}]},"8":{"line":155,"type":"if","locations":[{"start":{"line":155,"column":8},"end":{"line":155,"column":8}},{"start":{"line":155,"column":8},"end":{"line":155,"column":8}}]},"9":{"line":169,"type":"if","locations":[{"start":{"line":169,"column":8},"end":{"line":169,"column":8}},{"start":{"line":169,"column":8},"end":{"line":169,"column":8}}]},"10":{"line":190,"type":"if","locations":[{"start":{"line":190,"column":8},"end":{"line":190,"column":8}},{"start":{"line":190,"column":8},"end":{"line":190,"column":8}}]},"11":{"line":219,"type":"if","locations":[{"start":{"line":219,"column":8},"end":{"line":219,"column":8}},{"start":{"line":219,"column":8},"end":{"line":219,"column":8}}]},"12":{"line":233,"type":"if","locations":[{"start":{"line":233,"column":8},"end":{"line":233,"column":8}},{"start":{"line":233,"column":8},"end":{"line":233,"column":8}}]},"13":{"line":248,"type":"if","locations":[{"start":{"line":248,"column":8},"end":{"line":248,"column":8}},{"start":{"line":248,"column":8},"end":{"line":248,"column":8}}]},"14":{"line":262,"type":"if","locations":[{"start":{"line":262,"column":8},"end":{"line":262,"column":8}},{"start":{"line":262,"column":8},"end":{"line":262,"column":8}}]},"15":{"line":264,"type":"if","locations":[{"start":{"line":264,"column":8},"end":{"line":264,"column":8}},{"start":{"line":264,"column":8},"end":{"line":264,"column":8}}]},"16":{"line":274,"type":"if","locations":[{"start":{"line":274,"column":8},"end":{"line":274,"column":8}},{"start":{"line":274,"column":8},"end":{"line":274,"column":8}}]},"17":{"line":275,"type":"if","locations":[{"start":{"line":275,"column":8},"end":{"line":275,"column":8}},{"start":{"line":275,"column":8},"end":{"line":275,"column":8}}]}}},"contracts/filters/aave/AaveV1ATokenFilter.sol":{"l":{"26":1,"28":1},"path":"/Users/julienniset/Argent/dev/argent-trustlists/contracts/filters/aave/AaveV1ATokenFilter.sol","s":{"1":1,"2":1},"b":{},"f":{"1":1},"fnMap":{"1":{"name":"isValid","line":25,"loc":{"start":{"line":25,"column":4},"end":{"line":29,"column":4}}}},"statementMap":{"1":{"start":{"line":26,"column":8},"end":{"line":26,"column":40}},"2":{"start":{"line":28,"column":8},"end":{"line":28,"column":33}}},"branchMap":{}},"contracts/filters/aave/AaveV1Filter.sol":{"l":{"26":2,"28":2},"path":"/Users/julienniset/Argent/dev/argent-trustlists/contracts/filters/aave/AaveV1Filter.sol","s":{"1":2,"2":2},"b":{},"f":{"1":2},"fnMap":{"1":{"name":"isValid","line":25,"loc":{"start":{"line":25,"column":4},"end":{"line":29,"column":4}}}},"statementMap":{"1":{"start":{"line":26,"column":8},"end":{"line":26,"column":40}},"2":{"start":{"line":28,"column":8},"end":{"line":28,"column":34}}},"branchMap":{}},"contracts/filters/aave/AaveV2Filter.sol":{"l":{"29":6,"30":1,"32":5,"35":5,"36":4,"40":1},"path":"/Users/julienniset/Argent/dev/argent-trustlists/contracts/filters/aave/AaveV2Filter.sol","s":{"1":6,"2":1,"3":5,"4":5,"5":4,"6":1},"b":{"1":[1,5],"2":[4,1]},"f":{"1":6},"fnMap":{"1":{"name":"isValid","line":27,"loc":{"start":{"line":27,"column":4},"end":{"line":41,"column":4}}}},"statementMap":{"1":{"start":{"line":29,"column":8},"end":{"line":29,"column":1320}},"2":{"start":{"line":30,"column":12},"end":{"line":30,"column":24}},"3":{"start":{"line":32,"column":8},"end":{"line":32,"column":40}},"4":{"start":{"line":35,"column":8},"end":{"line":35,"column":1505}},"5":{"start":{"line":36,"column":12},"end":{"line":36,"column":63}},"6":{"start":{"line":40,"column":8},"end":{"line":40,"column":40}}},"branchMap":{"1":{"line":29,"type":"if","locations":[{"start":{"line":29,"column":8},"end":{"line":29,"column":8}},{"start":{"line":29,"column":8},"end":{"line":29,"column":8}}]},"2":{"line":35,"type":"if","locations":[{"start":{"line":35,"column":8},"end":{"line":35,"column":8}},{"start":{"line":35,"column":8},"end":{"line":35,"column":8}}]}}},"contracts/filters/argent/ArgentEnsManagerFilter.sol":{"l":{"32":3,"33":1,"36":2,"37":2},"path":"/Users/julienniset/Argent/dev/argent-trustlists/contracts/filters/argent/ArgentEnsManagerFilter.sol","s":{"1":3,"2":1,"3":2,"4":2},"b":{"1":[1,2]},"f":{"1":3},"fnMap":{"1":{"name":"isValid","line":30,"loc":{"start":{"line":30,"column":2},"end":{"line":38,"column":2}}}},"statementMap":{"1":{"start":{"line":32,"column":4},"end":{"line":32,"column":1338}},"2":{"start":{"line":33,"column":8},"end":{"line":33,"column":20}},"3":{"start":{"line":36,"column":4},"end":{"line":36,"column":38}},"4":{"start":{"line":37,"column":4},"end":{"line":37,"column":50}}},"branchMap":{"1":{"line":32,"type":"if","locations":[{"start":{"line":32,"column":4},"end":{"line":32,"column":4}},{"start":{"line":32,"column":4},"end":{"line":32,"column":4}}]}}},"contracts/filters/balancer/BalancerFilter.sol":{"l":{"30":5,"31":1,"33":4,"37":4},"path":"/Users/julienniset/Argent/dev/argent-trustlists/contracts/filters/balancer/BalancerFilter.sol","s":{"1":5,"2":1,"3":4,"4":4},"b":{"1":[1,4]},"f":{"1":5},"fnMap":{"1":{"name":"isValid","line":28,"loc":{"start":{"line":28,"column":4},"end":{"line":38,"column":4}}}},"statementMap":{"1":{"start":{"line":30,"column":8},"end":{"line":30,"column":1458}},"2":{"start":{"line":31,"column":12},"end":{"line":31,"column":24}},"3":{"start":{"line":33,"column":8},"end":{"line":33,"column":40}},"4":{"start":{"line":37,"column":8},"end":{"line":37,"column":105}}},"branchMap":{"1":{"line":30,"type":"if","locations":[{"start":{"line":30,"column":8},"end":{"line":30,"column":8}},{"start":{"line":30,"column":8},"end":{"line":30,"column":8}}]}}},"contracts/filters/BaseFilter.sol":{"l":{"24":305},"path":"/Users/julienniset/Argent/dev/argent-trustlists/contracts/filters/BaseFilter.sol","s":{},"b":{},"f":{"1":305},"fnMap":{"1":{"name":"getMethod","line":22,"loc":{"start":{"line":22,"column":4},"end":{"line":27,"column":4}}}},"statementMap":{},"branchMap":{}},"contracts/filters/compound/CompoundCTokenFilter.sol":{"l":{"35":6,"40":16,"41":2,"43":14,"45":14,"46":12,"47":6,"54":6,"64":2},"path":"/Users/julienniset/Argent/dev/argent-trustlists/contracts/filters/compound/CompoundCTokenFilter.sol","s":{"1":6,"2":16,"3":2,"4":14,"5":14,"6":12,"7":6,"8":6,"9":2},"b":{"1":[2,14],"2":[12,2],"3":[6,6]},"f":{"1":6,"2":16},"fnMap":{"1":{"name":"constructor","line":34,"loc":{"start":{"line":34,"column":4},"end":{"line":36,"column":4}}},"2":{"name":"isValid","line":38,"loc":{"start":{"line":38,"column":4},"end":{"line":66,"column":4}}}},"statementMap":{"1":{"start":{"line":35,"column":8},"end":{"line":35,"column":31}},"2":{"start":{"line":40,"column":8},"end":{"line":40,"column":1854}},"3":{"start":{"line":41,"column":12},"end":{"line":41,"column":68}},"4":{"start":{"line":43,"column":8},"end":{"line":43,"column":40}},"5":{"start":{"line":45,"column":8},"end":{"line":45,"column":2034}},"6":{"start":{"line":46,"column":12},"end":{"line":46,"column":2073}},"7":{"start":{"line":47,"column":16},"end":{"line":47,"column":2157}},"8":{"start":{"line":54,"column":16},"end":{"line":54,"column":2450}},"9":{"start":{"line":64,"column":12},"end":{"line":64,"column":65}}},"branchMap":{"1":{"line":40,"type":"if","locations":[{"start":{"line":40,"column":8},"end":{"line":40,"column":8}},{"start":{"line":40,"column":8},"end":{"line":40,"column":8}}]},"2":{"line":45,"type":"if","locations":[{"start":{"line":45,"column":8},"end":{"line":45,"column":8}},{"start":{"line":45,"column":8},"end":{"line":45,"column":8}}]},"3":{"line":46,"type":"if","locations":[{"start":{"line":46,"column":12},"end":{"line":46,"column":12}},{"start":{"line":46,"column":12},"end":{"line":46,"column":12}}]}}},"contracts/filters/curve/CurveFilter.sol":{"l":{"45":23,"46":4,"49":19,"50":19,"51":14,"57":5},"path":"/Users/julienniset/Argent/dev/argent-trustlists/contracts/filters/curve/CurveFilter.sol","s":{"1":23,"2":4,"3":19,"4":19,"5":14,"6":5},"b":{"1":[4,19],"2":[14,5]},"f":{"1":23},"fnMap":{"1":{"name":"isValid","line":43,"loc":{"start":{"line":43,"column":4},"end":{"line":59,"column":4}}}},"statementMap":{"1":{"start":{"line":45,"column":8},"end":{"line":45,"column":2495}},"2":{"start":{"line":46,"column":12},"end":{"line":46,"column":24}},"3":{"start":{"line":49,"column":8},"end":{"line":49,"column":40}},"4":{"start":{"line":50,"column":8},"end":{"line":50,"column":2606}},"5":{"start":{"line":51,"column":12},"end":{"line":51,"column":2645}},"6":{"start":{"line":57,"column":12},"end":{"line":57,"column":44}}},"branchMap":{"1":{"line":45,"type":"if","locations":[{"start":{"line":45,"column":8},"end":{"line":45,"column":8}},{"start":{"line":45,"column":8},"end":{"line":45,"column":8}}]},"2":{"line":50,"type":"if","locations":[{"start":{"line":50,"column":8},"end":{"line":50,"column":8}},{"start":{"line":50,"column":8},"end":{"line":50,"column":8}}]}}},"contracts/filters/erc20/OnlyApproveFilter.sol":{"l":{"26":53},"path":"/Users/julienniset/Argent/dev/argent-trustlists/contracts/filters/erc20/OnlyApproveFilter.sol","s":{"1":53},"b":{},"f":{"1":53},"fnMap":{"1":{"name":"isValid","line":25,"loc":{"start":{"line":25,"column":4},"end":{"line":27,"column":4}}}},"statementMap":{"1":{"start":{"line":26,"column":8},"end":{"line":26,"column":90}}},"branchMap":{}},"contracts/filters/gro/GroDepositFilter.sol":{"l":{"34":5,"35":1,"38":4,"39":4,"40":3,"42":1},"path":"/Users/julienniset/Argent/dev/argent-trustlists/contracts/filters/gro/GroDepositFilter.sol","s":{"1":5,"2":1,"3":4,"4":4,"5":3,"6":1},"b":{"1":[1,4],"2":[3,1]},"f":{"1":5},"fnMap":{"1":{"name":"isValid","line":32,"loc":{"start":{"line":32,"column":4},"end":{"line":44,"column":4}}}},"statementMap":{"1":{"start":{"line":34,"column":8},"end":{"line":34,"column":1459}},"2":{"start":{"line":35,"column":12},"end":{"line":35,"column":24}},"3":{"start":{"line":38,"column":8},"end":{"line":38,"column":42}},"4":{"start":{"line":39,"column":8},"end":{"line":39,"column":1572}},"5":{"start":{"line":40,"column":12},"end":{"line":40,"column":65}},"6":{"start":{"line":42,"column":12},"end":{"line":42,"column":46}}},"branchMap":{"1":{"line":34,"type":"if","locations":[{"start":{"line":34,"column":8},"end":{"line":34,"column":8}},{"start":{"line":34,"column":8},"end":{"line":34,"column":8}}]},"2":{"line":39,"type":"if","locations":[{"start":{"line":39,"column":8},"end":{"line":39,"column":8}},{"start":{"line":39,"column":8},"end":{"line":39,"column":8}}]}}},"contracts/filters/gro/GroWithdrawFilter.sol":{"l":{"35":6,"36":1,"39":5,"40":5},"path":"/Users/julienniset/Argent/dev/argent-trustlists/contracts/filters/gro/GroWithdrawFilter.sol","s":{"1":6,"2":1,"3":5,"4":5},"b":{"1":[1,5]},"f":{"1":6},"fnMap":{"1":{"name":"isValid","line":33,"loc":{"start":{"line":33,"column":4},"end":{"line":41,"column":4}}}},"statementMap":{"1":{"start":{"line":35,"column":8},"end":{"line":35,"column":1601}},"2":{"start":{"line":36,"column":12},"end":{"line":36,"column":24}},"3":{"start":{"line":39,"column":8},"end":{"line":39,"column":42}},"4":{"start":{"line":40,"column":8},"end":{"line":40,"column":142}}},"branchMap":{"1":{"line":35,"type":"if","locations":[{"start":{"line":35,"column":8},"end":{"line":35,"column":8}},{"start":{"line":35,"column":8},"end":{"line":35,"column":8}}]}}},"contracts/filters/lido/LidoFilter.sol":{"l":{"26":3,"27":1,"29":2,"30":1,"31":1},"path":"/Users/julienniset/Argent/dev/argent-trustlists/contracts/filters/lido/LidoFilter.sol","s":{"1":3,"2":1,"3":2,"4":1,"5":1},"b":{"1":[1,2],"2":[1,1]},"f":{"1":3},"fnMap":{"1":{"name":"isValid","line":24,"loc":{"start":{"line":24,"column":2},"end":{"line":33,"column":2}}}},"statementMap":{"1":{"start":{"line":26,"column":4},"end":{"line":26,"column":1119}},"2":{"start":{"line":27,"column":8},"end":{"line":27,"column":19}},"3":{"start":{"line":29,"column":4},"end":{"line":29,"column":1175}},"4":{"start":{"line":30,"column":6},"end":{"line":30,"column":40}},"5":{"start":{"line":31,"column":6},"end":{"line":31,"column":33}}},"branchMap":{"1":{"line":26,"type":"if","locations":[{"start":{"line":26,"column":4},"end":{"line":26,"column":4}},{"start":{"line":26,"column":4},"end":{"line":26,"column":4}}]},"2":{"line":29,"type":"if","locations":[{"start":{"line":29,"column":4},"end":{"line":29,"column":4}},{"start":{"line":29,"column":4},"end":{"line":29,"column":4}}]}}},"contracts/filters/maker/DaiJoinFilter.sol":{"l":{"29":6,"30":1,"32":5,"35":5,"36":4,"39":1},"path":"/Users/julienniset/Argent/dev/argent-trustlists/contracts/filters/maker/DaiJoinFilter.sol","s":{"1":6,"2":1,"3":5,"4":5,"5":4,"6":1},"b":{"1":[1,5],"2":[4,1]},"f":{"1":6},"fnMap":{"1":{"name":"isValid","line":27,"loc":{"start":{"line":27,"column":4},"end":{"line":40,"column":4}}}},"statementMap":{"1":{"start":{"line":29,"column":8},"end":{"line":29,"column":1291}},"2":{"start":{"line":30,"column":12},"end":{"line":30,"column":24}},"3":{"start":{"line":32,"column":8},"end":{"line":32,"column":40}},"4":{"start":{"line":35,"column":8},"end":{"line":35,"column":1480}},"5":{"start":{"line":36,"column":12},"end":{"line":36,"column":62}},"6":{"start":{"line":39,"column":8},"end":{"line":39,"column":38}}},"branchMap":{"1":{"line":29,"type":"if","locations":[{"start":{"line":29,"column":8},"end":{"line":29,"column":8}},{"start":{"line":29,"column":8},"end":{"line":29,"column":8}}]},"2":{"line":35,"type":"if","locations":[{"start":{"line":35,"column":8},"end":{"line":35,"column":8}},{"start":{"line":35,"column":8},"end":{"line":35,"column":8}}]}}},"contracts/filters/maker/PotFilter.sol":{"l":{"29":4,"30":1,"32":3,"34":3},"path":"/Users/julienniset/Argent/dev/argent-trustlists/contracts/filters/maker/PotFilter.sol","s":{"1":4,"2":1,"3":3,"4":3},"b":{"1":[1,3]},"f":{"1":4},"fnMap":{"1":{"name":"isValid","line":27,"loc":{"start":{"line":27,"column":4},"end":{"line":35,"column":4}}}},"statementMap":{"1":{"start":{"line":29,"column":8},"end":{"line":29,"column":1248}},"2":{"start":{"line":30,"column":12},"end":{"line":30,"column":24}},"3":{"start":{"line":32,"column":8},"end":{"line":32,"column":40}},"4":{"start":{"line":34,"column":8},"end":{"line":34,"column":72}}},"branchMap":{"1":{"line":29,"type":"if","locations":[{"start":{"line":29,"column":8},"end":{"line":29,"column":8}},{"start":{"line":29,"column":8},"end":{"line":29,"column":8}}]}}},"contracts/filters/maker/VatFilter.sol":{"l":{"29":3,"30":3,"35":5,"36":1,"38":4,"40":4,"41":3,"42":3},"path":"/Users/julienniset/Argent/dev/argent-trustlists/contracts/filters/maker/VatFilter.sol","s":{"1":3,"2":3,"3":5,"4":1,"5":4,"6":4,"7":3,"8":3},"b":{"1":[1,4],"2":[3,1]},"f":{"1":3,"2":5},"fnMap":{"1":{"name":"constructor","line":28,"loc":{"start":{"line":28,"column":4},"end":{"line":31,"column":4}}},"2":{"name":"isValid","line":33,"loc":{"start":{"line":33,"column":4},"end":{"line":44,"column":4}}}},"statementMap":{"1":{"start":{"line":29,"column":8},"end":{"line":29,"column":25}},"2":{"start":{"line":30,"column":8},"end":{"line":30,"column":17}},"3":{"start":{"line":35,"column":8},"end":{"line":35,"column":1284}},"4":{"start":{"line":36,"column":12},"end":{"line":36,"column":24}},"5":{"start":{"line":38,"column":8},"end":{"line":38,"column":40}},"6":{"start":{"line":40,"column":8},"end":{"line":40,"column":1399}},"7":{"start":{"line":41,"column":12},"end":{"line":41,"column":60}},"8":{"start":{"line":42,"column":12},"end":{"line":42,"column":51}}},"branchMap":{"1":{"line":35,"type":"if","locations":[{"start":{"line":35,"column":8},"end":{"line":35,"column":8}},{"start":{"line":35,"column":8},"end":{"line":35,"column":8}}]},"2":{"line":40,"type":"if","locations":[{"start":{"line":40,"column":8},"end":{"line":40,"column":8}},{"start":{"line":40,"column":8},"end":{"line":40,"column":8}}]}}},"contracts/filters/paraswap/ParaswapFilter.sol":{"l":{"160":3,"161":3,"162":3,"163":3,"164":3,"165":3,"166":3,"167":3,"168":3,"169":3,"170":3,"171":3,"172":3,"173":3,"174":3,"175":3,"176":3,"177":3,"178":3,"179":3,"180":3,"181":3,"182":3,"183":3,"184":3,"185":3,"186":27,"188":3,"189":3,"194":2,"199":116,"200":1,"202":115,"203":115,"204":31,"206":84,"207":44,"209":40,"210":4,"212":36,"213":4,"215":32,"216":31,"218":1,"222":31,"223":31,"227":44,"229":44,"235":4,"236":1,"238":3,"239":3,"243":4,"244":1,"246":3,"247":3,"265":31,"266":31,"281":40,"282":40,"283":40,"284":40,"285":40,"286":40,"287":56,"288":56,"289":3,"290":2,"292":2,"298":1,"301":53,"302":53,"303":53,"304":53,"307":39,"311":106,"315":50,"316":15,"318":35,"319":35,"323":62,"324":62,"325":62,"326":16,"330":46,"334":62,"335":2,"337":60,"338":4,"340":56,"341":8,"343":48,"344":8,"346":40,"347":8,"349":32,"350":8,"352":24,"353":6,"355":18,"356":6,"358":12,"359":2,"361":10,"362":2,"364":8,"365":6,"367":2,"371":6,"372":6,"376":20,"377":20,"381":6,"382":6,"386":8,"387":8,"391":8,"392":8,"393":8,"394":2,"397":6,"401":31,"402":31,"403":8,"406":23},"path":"/Users/julienniset/Argent/dev/argent-trustlists/contracts/filters/paraswap/ParaswapFilter.sol","s":{"1":3,"2":3,"3":3,"4":3,"5":3,"6":3,"7":3,"8":3,"9":3,"10":3,"11":3,"12":3,"13":3,"14":3,"15":3,"16":3,"17":3,"18":3,"19":3,"20":3,"21":3,"22":3,"23":3,"24":3,"25":3,"26":3,"27":27,"28":3,"29":3,"30":2,"31":116,"32":1,"33":115,"34":115,"35":31,"36":84,"37":44,"38":40,"39":4,"40":36,"41":4,"42":32,"43":31,"44":1,"45":31,"46":31,"47":44,"48":44,"49":4,"50":1,"51":3,"52":3,"53":4,"54":1,"55":3,"56":3,"57":31,"58":31,"59":40,"60":40,"61":40,"62":40,"63":40,"64":40,"65":56,"66":56,"67":3,"68":2,"69":1,"70":53,"71":53,"72":53,"73":39,"74":106,"75":50,"76":15,"77":35,"78":35,"79":62,"80":62,"81":62,"82":16,"83":46,"84":62,"85":2,"86":60,"87":4,"88":56,"89":8,"90":48,"91":8,"92":40,"93":8,"94":32,"95":8,"96":24,"97":6,"98":18,"99":6,"100":12,"101":2,"102":10,"103":2,"104":8,"105":6,"106":2,"107":6,"108":6,"109":20,"110":20,"111":6,"112":6,"113":8,"114":8,"115":8,"116":8,"117":8,"118":2,"119":6,"120":31,"121":31,"122":8,"123":23},"b":{"1":[1,115],"2":[31,84],"3":[44,40],"4":[4,36],"5":[4,32],"6":[31,1],"7":[1,3],"8":[1,3],"9":[3,53],"10":[2,1],"11":[15,35],"12":[16,46],"13":[2,60],"14":[4,56],"15":[8,48],"16":[8,40],"17":[8,32],"18":[8,24],"19":[6,18],"20":[6,12],"21":[2,10],"22":[2,8],"23":[6,2],"24":[2,6],"25":[8,23]},"f":{"1":3,"2":2,"3":116,"4":31,"5":44,"6":4,"7":4,"8":31,"9":40,"10":106,"11":50,"12":62,"13":62,"14":6,"15":20,"16":6,"17":8,"18":8,"19":31},"fnMap":{"1":{"name":"constructor","line":149,"loc":{"start":{"line":149,"column":4},"end":{"line":191,"column":4}}},"2":{"name":"updateIsValidUniswapProxy","line":193,"loc":{"start":{"line":193,"column":4},"end":{"line":195,"column":4}}},"3":{"name":"isValid","line":197,"loc":{"start":{"line":197,"column":4},"end":{"line":219,"column":4}}},"4":{"name":"isValidMultiSwap","line":221,"loc":{"start":{"line":221,"column":4},"end":{"line":224,"column":4}}},"5":{"name":"isValidSimpleSwap","line":226,"loc":{"start":{"line":226,"column":4},"end":{"line":232,"column":4}}},"6":{"name":"isValidUniSwap","line":234,"loc":{"start":{"line":234,"column":4},"end":{"line":240,"column":4}}},"7":{"name":"isValidUniForkSwap","line":242,"loc":{"start":{"line":242,"column":4},"end":{"line":262,"column":4}}},"8":{"name":"isValidMegaSwap","line":264,"loc":{"start":{"line":264,"column":4},"end":{"line":267,"column":4}}},"9":{"name":"hasAuthorisedCallees","line":269,"loc":{"start":{"line":269,"column":4},"end":{"line":308,"column":4}}},"10":{"name":"hasValidBeneficiary","line":310,"loc":{"start":{"line":310,"column":4},"end":{"line":312,"column":4}}},"11":{"name":"hasTradableToken","line":314,"loc":{"start":{"line":314,"column":4},"end":{"line":320,"column":4}}},"12":{"name":"hasValidPath","line":322,"loc":{"start":{"line":322,"column":4},"end":{"line":331,"column":4}}},"13":{"name":"hasValidRoute","line":333,"loc":{"start":{"line":333,"column":4},"end":{"line":368,"column":4}}},"14":{"name":"hasValidUniV3Route","line":370,"loc":{"start":{"line":370,"column":4},"end":{"line":373,"column":4}}},"15":{"name":"hasValidUniV2Route","line":375,"loc":{"start":{"line":375,"column":4},"end":{"line":378,"column":4}}},"16":{"name":"hasValidUniV1Route","line":380,"loc":{"start":{"line":380,"column":4},"end":{"line":383,"column":4}}},"17":{"name":"hasValidZeroExV4Route","line":385,"loc":{"start":{"line":385,"column":4},"end":{"line":388,"column":4}}},"18":{"name":"hasValidZeroExV2Route","line":390,"loc":{"start":{"line":390,"column":4},"end":{"line":398,"column":4}}},"19":{"name":"hasValidMegaPath","line":400,"loc":{"start":{"line":400,"column":4},"end":{"line":407,"column":4}}}},"statementMap":{"1":{"start":{"line":160,"column":8},"end":{"line":160,"column":37}},"2":{"start":{"line":161,"column":8},"end":{"line":161,"column":31}},"3":{"start":{"line":162,"column":8},"end":{"line":162,"column":27}},"4":{"start":{"line":163,"column":8},"end":{"line":163,"column":35}},"5":{"start":{"line":164,"column":8},"end":{"line":164,"column":57}},"6":{"start":{"line":165,"column":8},"end":{"line":165,"column":74}},"7":{"start":{"line":166,"column":8},"end":{"line":166,"column":77}},"8":{"start":{"line":167,"column":8},"end":{"line":167,"column":41}},"9":{"start":{"line":168,"column":8},"end":{"line":168,"column":41}},"10":{"start":{"line":169,"column":8},"end":{"line":169,"column":41}},"11":{"start":{"line":170,"column":8},"end":{"line":170,"column":38}},"12":{"start":{"line":171,"column":8},"end":{"line":171,"column":42}},"13":{"start":{"line":172,"column":8},"end":{"line":172,"column":42}},"14":{"start":{"line":173,"column":8},"end":{"line":173,"column":42}},"15":{"start":{"line":174,"column":8},"end":{"line":174,"column":39}},"16":{"start":{"line":175,"column":8},"end":{"line":175,"column":34}},"17":{"start":{"line":176,"column":8},"end":{"line":176,"column":34}},"18":{"start":{"line":177,"column":8},"end":{"line":177,"column":38}},"19":{"start":{"line":178,"column":8},"end":{"line":178,"column":37}},"20":{"start":{"line":179,"column":8},"end":{"line":179,"column":37}},"21":{"start":{"line":180,"column":8},"end":{"line":180,"column":37}},"22":{"start":{"line":181,"column":8},"end":{"line":181,"column":37}},"23":{"start":{"line":182,"column":8},"end":{"line":182,"column":34}},"24":{"start":{"line":183,"column":8},"end":{"line":183,"column":33}},"25":{"start":{"line":184,"column":8},"end":{"line":184,"column":34}},"26":{"start":{"line":185,"column":8},"end":{"line":185,"column":6794}},"27":{"start":{"line":186,"column":12},"end":{"line":186,"column":54}},"28":{"start":{"line":188,"column":8},"end":{"line":188,"column":6921}},"29":{"start":{"line":189,"column":12},"end":{"line":189,"column":48}},"30":{"start":{"line":194,"column":8},"end":{"line":194,"column":84}},"31":{"start":{"line":199,"column":8},"end":{"line":199,"column":7400}},"32":{"start":{"line":200,"column":12},"end":{"line":200,"column":24}},"33":{"start":{"line":202,"column":8},"end":{"line":202,"column":42}},"34":{"start":{"line":203,"column":8},"end":{"line":203,"column":7531}},"35":{"start":{"line":204,"column":12},"end":{"line":204,"column":51}},"36":{"start":{"line":206,"column":8},"end":{"line":206,"column":7631}},"37":{"start":{"line":207,"column":12},"end":{"line":207,"column":57}},"38":{"start":{"line":209,"column":8},"end":{"line":209,"column":7737}},"39":{"start":{"line":210,"column":12},"end":{"line":210,"column":40}},"40":{"start":{"line":212,"column":8},"end":{"line":212,"column":7827}},"41":{"start":{"line":213,"column":12},"end":{"line":213,"column":44}},"42":{"start":{"line":215,"column":8},"end":{"line":215,"column":7926}},"43":{"start":{"line":216,"column":12},"end":{"line":216,"column":50}},"44":{"start":{"line":218,"column":8},"end":{"line":218,"column":20}},"45":{"start":{"line":222,"column":8},"end":{"line":222,"column":86}},"46":{"start":{"line":223,"column":8},"end":{"line":223,"column":104}},"47":{"start":{"line":227,"column":8},"end":{"line":227,"column":8576}},"48":{"start":{"line":229,"column":8},"end":{"line":229,"column":8760}},"49":{"start":{"line":235,"column":8},"end":{"line":235,"column":8959}},"50":{"start":{"line":236,"column":12},"end":{"line":236,"column":24}},"51":{"start":{"line":238,"column":8},"end":{"line":238,"column":82}},"52":{"start":{"line":239,"column":8},"end":{"line":239,"column":98}},"53":{"start":{"line":243,"column":8},"end":{"line":243,"column":9306}},"54":{"start":{"line":244,"column":12},"end":{"line":244,"column":24}},"55":{"start":{"line":246,"column":8},"end":{"line":246,"column":134}},"56":{"start":{"line":247,"column":8},"end":{"line":247,"column":9514}},"57":{"start":{"line":265,"column":8},"end":{"line":265,"column":102}},"58":{"start":{"line":266,"column":8},"end":{"line":266,"column":108}},"59":{"start":{"line":281,"column":8},"end":{"line":281,"column":79}},"60":{"start":{"line":282,"column":8},"end":{"line":282,"column":60}},"61":{"start":{"line":283,"column":8},"end":{"line":283,"column":66}},"62":{"start":{"line":284,"column":8},"end":{"line":284,"column":61}},"63":{"start":{"line":285,"column":8},"end":{"line":285,"column":17}},"64":{"start":{"line":286,"column":8},"end":{"line":286,"column":11392}},"65":{"start":{"line":287,"column":12},"end":{"line":287,"column":130}},"66":{"start":{"line":288,"column":12},"end":{"line":288,"column":11583}},"67":{"start":{"line":289,"column":16},"end":{"line":289,"column":11634}},"68":{"start":{"line":290,"column":20},"end":{"line":290,"column":56}},"69":{"start":{"line":298,"column":20},"end":{"line":298,"column":32}},"70":{"start":{"line":301,"column":16},"end":{"line":301,"column":34}},"71":{"start":{"line":302,"column":16},"end":{"line":302,"column":46}},"72":{"start":{"line":303,"column":16},"end":{"line":303,"column":90}},"73":{"start":{"line":307,"column":8},"end":{"line":307,"column":73}},"74":{"start":{"line":311,"column":8},"end":{"line":311,"column":70}},"75":{"start":{"line":315,"column":8},"end":{"line":315,"column":12720}},"76":{"start":{"line":316,"column":12},"end":{"line":316,"column":23}},"77":{"start":{"line":318,"column":8},"end":{"line":318,"column":132}},"78":{"start":{"line":319,"column":8},"end":{"line":319,"column":49}},"79":{"start":{"line":323,"column":8},"end":{"line":323,"column":13107}},"80":{"start":{"line":324,"column":12},"end":{"line":324,"column":13165}},"81":{"start":{"line":325,"column":16},"end":{"line":325,"column":13237}},"82":{"start":{"line":326,"column":20},"end":{"line":326,"column":32}},"83":{"start":{"line":330,"column":8},"end":{"line":330,"column":19}},"84":{"start":{"line":334,"column":8},"end":{"line":334,"column":13561}},"85":{"start":{"line":335,"column":12},"end":{"line":335,"column":24}},"86":{"start":{"line":337,"column":8},"end":{"line":337,"column":13690}},"87":{"start":{"line":338,"column":12},"end":{"line":338,"column":23}},"88":{"start":{"line":340,"column":8},"end":{"line":340,"column":13771}},"89":{"start":{"line":341,"column":12},"end":{"line":341,"column":78}},"90":{"start":{"line":343,"column":8},"end":{"line":343,"column":13908}},"91":{"start":{"line":344,"column":12},"end":{"line":344,"column":88}},"92":{"start":{"line":346,"column":8},"end":{"line":346,"column":14059}},"93":{"start":{"line":347,"column":12},"end":{"line":347,"column":56}},"94":{"start":{"line":349,"column":8},"end":{"line":349,"column":14177}},"95":{"start":{"line":350,"column":12},"end":{"line":350,"column":56}},"96":{"start":{"line":352,"column":8},"end":{"line":352,"column":14295}},"97":{"start":{"line":353,"column":12},"end":{"line":353,"column":75}},"98":{"start":{"line":355,"column":8},"end":{"line":355,"column":14429}},"99":{"start":{"line":356,"column":12},"end":{"line":356,"column":23}},"100":{"start":{"line":358,"column":8},"end":{"line":358,"column":14511}},"101":{"start":{"line":359,"column":12},"end":{"line":359,"column":88}},"102":{"start":{"line":361,"column":8},"end":{"line":361,"column":14661}},"103":{"start":{"line":362,"column":12},"end":{"line":362,"column":88}},"104":{"start":{"line":364,"column":8},"end":{"line":364,"column":14811}},"105":{"start":{"line":365,"column":12},"end":{"line":365,"column":82}},"106":{"start":{"line":367,"column":8},"end":{"line":367,"column":20}},"107":{"start":{"line":371,"column":8},"end":{"line":371,"column":93}},"108":{"start":{"line":372,"column":8},"end":{"line":372,"column":128}},"109":{"start":{"line":376,"column":8},"end":{"line":376,"column":93}},"110":{"start":{"line":377,"column":8},"end":{"line":377,"column":99}},"111":{"start":{"line":381,"column":8},"end":{"line":381,"column":130}},"112":{"start":{"line":382,"column":8},"end":{"line":382,"column":37}},"113":{"start":{"line":386,"column":8},"end":{"line":386,"column":99}},"114":{"start":{"line":387,"column":8},"end":{"line":387,"column":45}},"115":{"start":{"line":391,"column":8},"end":{"line":391,"column":99}},"116":{"start":{"line":392,"column":8},"end":{"line":392,"column":16401}},"117":{"start":{"line":393,"column":12},"end":{"line":393,"column":16464}},"118":{"start":{"line":394,"column":16},"end":{"line":394,"column":28}},"119":{"start":{"line":397,"column":8},"end":{"line":397,"column":19}},"120":{"start":{"line":401,"column":8},"end":{"line":401,"column":16723}},"121":{"start":{"line":402,"column":12},"end":{"line":402,"column":16784}},"122":{"start":{"line":403,"column":16},"end":{"line":403,"column":28}},"123":{"start":{"line":406,"column":8},"end":{"line":406,"column":19}}},"branchMap":{"1":{"line":199,"type":"if","locations":[{"start":{"line":199,"column":8},"end":{"line":199,"column":8}},{"start":{"line":199,"column":8},"end":{"line":199,"column":8}}]},"2":{"line":203,"type":"if","locations":[{"start":{"line":203,"column":8},"end":{"line":203,"column":8}},{"start":{"line":203,"column":8},"end":{"line":203,"column":8}}]},"3":{"line":206,"type":"if","locations":[{"start":{"line":206,"column":8},"end":{"line":206,"column":8}},{"start":{"line":206,"column":8},"end":{"line":206,"column":8}}]},"4":{"line":209,"type":"if","locations":[{"start":{"line":209,"column":8},"end":{"line":209,"column":8}},{"start":{"line":209,"column":8},"end":{"line":209,"column":8}}]},"5":{"line":212,"type":"if","locations":[{"start":{"line":212,"column":8},"end":{"line":212,"column":8}},{"start":{"line":212,"column":8},"end":{"line":212,"column":8}}]},"6":{"line":215,"type":"if","locations":[{"start":{"line":215,"column":8},"end":{"line":215,"column":8}},{"start":{"line":215,"column":8},"end":{"line":215,"column":8}}]},"7":{"line":235,"type":"if","locations":[{"start":{"line":235,"column":8},"end":{"line":235,"column":8}},{"start":{"line":235,"column":8},"end":{"line":235,"column":8}}]},"8":{"line":243,"type":"if","locations":[{"start":{"line":243,"column":8},"end":{"line":243,"column":8}},{"start":{"line":243,"column":8},"end":{"line":243,"column":8}}]},"9":{"line":288,"type":"if","locations":[{"start":{"line":288,"column":12},"end":{"line":288,"column":12}},{"start":{"line":288,"column":12},"end":{"line":288,"column":12}}]},"10":{"line":289,"type":"if","locations":[{"start":{"line":289,"column":16},"end":{"line":289,"column":16}},{"start":{"line":289,"column":16},"end":{"line":289,"column":16}}]},"11":{"line":315,"type":"if","locations":[{"start":{"line":315,"column":8},"end":{"line":315,"column":8}},{"start":{"line":315,"column":8},"end":{"line":315,"column":8}}]},"12":{"line":325,"type":"if","locations":[{"start":{"line":325,"column":16},"end":{"line":325,"column":16}},{"start":{"line":325,"column":16},"end":{"line":325,"column":16}}]},"13":{"line":334,"type":"if","locations":[{"start":{"line":334,"column":8},"end":{"line":334,"column":8}},{"start":{"line":334,"column":8},"end":{"line":334,"column":8}}]},"14":{"line":337,"type":"if","locations":[{"start":{"line":337,"column":8},"end":{"line":337,"column":8}},{"start":{"line":337,"column":8},"end":{"line":337,"column":8}}]},"15":{"line":340,"type":"if","locations":[{"start":{"line":340,"column":8},"end":{"line":340,"column":8}},{"start":{"line":340,"column":8},"end":{"line":340,"column":8}}]},"16":{"line":343,"type":"if","locations":[{"start":{"line":343,"column":8},"end":{"line":343,"column":8}},{"start":{"line":343,"column":8},"end":{"line":343,"column":8}}]},"17":{"line":346,"type":"if","locations":[{"start":{"line":346,"column":8},"end":{"line":346,"column":8}},{"start":{"line":346,"column":8},"end":{"line":346,"column":8}}]},"18":{"line":349,"type":"if","locations":[{"start":{"line":349,"column":8},"end":{"line":349,"column":8}},{"start":{"line":349,"column":8},"end":{"line":349,"column":8}}]},"19":{"line":352,"type":"if","locations":[{"start":{"line":352,"column":8},"end":{"line":352,"column":8}},{"start":{"line":352,"column":8},"end":{"line":352,"column":8}}]},"20":{"line":355,"type":"if","locations":[{"start":{"line":355,"column":8},"end":{"line":355,"column":8}},{"start":{"line":355,"column":8},"end":{"line":355,"column":8}}]},"21":{"line":358,"type":"if","locations":[{"start":{"line":358,"column":8},"end":{"line":358,"column":8}},{"start":{"line":358,"column":8},"end":{"line":358,"column":8}}]},"22":{"line":361,"type":"if","locations":[{"start":{"line":361,"column":8},"end":{"line":361,"column":8}},{"start":{"line":361,"column":8},"end":{"line":361,"column":8}}]},"23":{"line":364,"type":"if","locations":[{"start":{"line":364,"column":8},"end":{"line":364,"column":8}},{"start":{"line":364,"column":8},"end":{"line":364,"column":8}}]},"24":{"line":393,"type":"if","locations":[{"start":{"line":393,"column":12},"end":{"line":393,"column":12}},{"start":{"line":393,"column":12},"end":{"line":393,"column":12}}]},"25":{"line":402,"type":"if","locations":[{"start":{"line":402,"column":12},"end":{"line":402,"column":12}},{"start":{"line":402,"column":12},"end":{"line":402,"column":12}}]}}},"contracts/filters/paraswap/ParaswapUniV2RouterFilter.sol":{"l":{"47":3,"48":3,"49":3,"50":3,"55":14,"56":2,"59":12,"61":12,"62":6,"63":6,"66":6},"path":"/Users/julienniset/Argent/dev/argent-trustlists/contracts/filters/paraswap/ParaswapUniV2RouterFilter.sol","s":{"1":3,"2":3,"3":3,"4":3,"5":14,"6":2,"7":12,"8":12,"9":6,"10":6,"11":6},"b":{"1":[2,12],"2":[6,6]},"f":{"1":3,"2":14},"fnMap":{"1":{"name":"constructor","line":46,"loc":{"start":{"line":46,"column":4},"end":{"line":51,"column":4}}},"2":{"name":"isValid","line":53,"loc":{"start":{"line":53,"column":4},"end":{"line":67,"column":4}}}},"statementMap":{"1":{"start":{"line":47,"column":8},"end":{"line":47,"column":37}},"2":{"start":{"line":48,"column":8},"end":{"line":48,"column":25}},"3":{"start":{"line":49,"column":8},"end":{"line":49,"column":27}},"4":{"start":{"line":50,"column":8},"end":{"line":50,"column":19}},"5":{"start":{"line":55,"column":8},"end":{"line":55,"column":2219}},"6":{"start":{"line":56,"column":12},"end":{"line":56,"column":24}},"7":{"start":{"line":59,"column":8},"end":{"line":59,"column":42}},"8":{"start":{"line":61,"column":8},"end":{"line":61,"column":2333}},"9":{"start":{"line":62,"column":12},"end":{"line":62,"column":93}},"10":{"start":{"line":63,"column":12},"end":{"line":63,"column":96}},"11":{"start":{"line":66,"column":8},"end":{"line":66,"column":59}}},"branchMap":{"1":{"line":55,"type":"if","locations":[{"start":{"line":55,"column":8},"end":{"line":55,"column":8}},{"start":{"line":55,"column":8},"end":{"line":55,"column":8}}]},"2":{"line":61,"type":"if","locations":[{"start":{"line":61,"column":8},"end":{"line":61,"column":8}},{"start":{"line":61,"column":8},"end":{"line":61,"column":8}}]}}},"contracts/filters/paraswap/ParaswapUtils.sol":{"l":{"88":53,"89":37,"91":37,"94":37,"100":14,"103":14,"105":23,"112":0,"115":0,"119":39,"135":9,"136":9,"150":32,"151":32,"152":32,"154":32,"169":9,"170":9,"171":9,"180":32,"181":32,"182":32,"191":32,"192":32,"196":9,"197":9},"path":"/Users/julienniset/Argent/dev/argent-trustlists/contracts/filters/paraswap/ParaswapUtils.sol","s":{"1":53,"2":37,"3":37,"4":14,"5":23,"6":0,"7":39,"8":9,"9":9,"10":32,"11":32,"12":32,"13":32,"14":9,"15":9,"16":9,"17":32,"18":32,"19":32,"20":32,"21":32,"22":9,"23":9},"b":{"1":[37,16],"2":[14,23],"3":[0,23]},"f":{"1":53,"2":9,"3":32,"4":9,"5":32,"6":32,"7":9},"fnMap":{"1":{"name":"recoverSpender","line":87,"loc":{"start":{"line":87,"column":4},"end":{"line":120,"column":4}}},"2":{"name":"hasValidUniV3Pool","line":122,"loc":{"start":{"line":122,"column":4},"end":{"line":137,"column":4}}},"3":{"name":"hasValidUniV2Path","line":139,"loc":{"start":{"line":139,"column":4},"end":{"line":155,"column":4}}},"4":{"name":"uniV3PoolFor","line":157,"loc":{"start":{"line":157,"column":4},"end":{"line":177,"column":4}}},"5":{"name":"uniV2PairFor","line":179,"loc":{"start":{"line":179,"column":4},"end":{"line":188,"column":4}}},"6":{"name":"hasTradableTokens","line":190,"loc":{"start":{"line":190,"column":4},"end":{"line":194,"column":4}}},"7":{"name":"hasTradableToken","line":195,"loc":{"start":{"line":195,"column":4},"end":{"line":198,"column":4}}}},"statementMap":{"1":{"start":{"line":88,"column":8},"end":{"line":88,"column":3296}},"2":{"start":{"line":89,"column":12},"end":{"line":89,"column":27}},"3":{"start":{"line":94,"column":12},"end":{"line":94,"column":3515}},"4":{"start":{"line":103,"column":16},"end":{"line":103,"column":30}},"5":{"start":{"line":105,"column":12},"end":{"line":105,"column":3904}},"6":{"start":{"line":115,"column":16},"end":{"line":115,"column":30}},"7":{"start":{"line":119,"column":8},"end":{"line":119,"column":20}},"8":{"start":{"line":135,"column":8},"end":{"line":135,"column":96}},"9":{"start":{"line":136,"column":8},"end":{"line":136,"column":58}},"10":{"start":{"line":150,"column":8},"end":{"line":150,"column":67}},"11":{"start":{"line":151,"column":8},"end":{"line":151,"column":5154}},"12":{"start":{"line":152,"column":12},"end":{"line":152,"column":87}},"13":{"start":{"line":154,"column":8},"end":{"line":154,"column":58}},"14":{"start":{"line":169,"column":8},"end":{"line":169,"column":123}},"15":{"start":{"line":170,"column":8},"end":{"line":170,"column":96}},"16":{"start":{"line":171,"column":8},"end":{"line":171,"column":5843}},"17":{"start":{"line":180,"column":8},"end":{"line":180,"column":123}},"18":{"start":{"line":181,"column":8},"end":{"line":181,"column":96}},"19":{"start":{"line":182,"column":8},"end":{"line":182,"column":6421}},"20":{"start":{"line":191,"column":8},"end":{"line":191,"column":134}},"21":{"start":{"line":192,"column":8},"end":{"line":192,"column":49}},"22":{"start":{"line":196,"column":8},"end":{"line":196,"column":129}},"23":{"start":{"line":197,"column":8},"end":{"line":197,"column":49}}},"branchMap":{"1":{"line":88,"type":"if","locations":[{"start":{"line":88,"column":8},"end":{"line":88,"column":8}},{"start":{"line":88,"column":8},"end":{"line":88,"column":8}}]},"2":{"line":94,"type":"if","locations":[{"start":{"line":94,"column":12},"end":{"line":94,"column":12}},{"start":{"line":94,"column":12},"end":{"line":94,"column":12}}]},"3":{"line":105,"type":"if","locations":[{"start":{"line":105,"column":12},"end":{"line":105,"column":12}},{"start":{"line":105,"column":12},"end":{"line":105,"column":12}}]}}},"contracts/filters/paraswap/UniswapV3RouterFilter.sol":{"l":{"43":3,"44":3,"45":3,"46":3,"51":7,"52":1,"55":6,"57":6,"58":3,"59":3,"62":3},"path":"/Users/julienniset/Argent/dev/argent-trustlists/contracts/filters/paraswap/UniswapV3RouterFilter.sol","s":{"1":3,"2":3,"3":3,"4":3,"5":7,"6":1,"7":6,"8":6,"9":3,"10":3,"11":3},"b":{"1":[1,6],"2":[3,3]},"f":{"1":3,"2":7},"fnMap":{"1":{"name":"constructor","line":42,"loc":{"start":{"line":42,"column":4},"end":{"line":47,"column":4}}},"2":{"name":"isValid","line":49,"loc":{"start":{"line":49,"column":4},"end":{"line":63,"column":4}}}},"statementMap":{"1":{"start":{"line":43,"column":8},"end":{"line":43,"column":37}},"2":{"start":{"line":44,"column":8},"end":{"line":44,"column":25}},"3":{"start":{"line":45,"column":8},"end":{"line":45,"column":27}},"4":{"start":{"line":46,"column":8},"end":{"line":46,"column":19}},"5":{"start":{"line":51,"column":8},"end":{"line":51,"column":2019}},"6":{"start":{"line":52,"column":12},"end":{"line":52,"column":24}},"7":{"start":{"line":55,"column":8},"end":{"line":55,"column":42}},"8":{"start":{"line":57,"column":8},"end":{"line":57,"column":2133}},"9":{"start":{"line":58,"column":12},"end":{"line":58,"column":140}},"10":{"start":{"line":59,"column":12},"end":{"line":59,"column":139}},"11":{"start":{"line":62,"column":8},"end":{"line":62,"column":59}}},"branchMap":{"1":{"line":51,"type":"if","locations":[{"start":{"line":51,"column":8},"end":{"line":51,"column":8}},{"start":{"line":51,"column":8},"end":{"line":51,"column":8}}]},"2":{"line":57,"type":"if","locations":[{"start":{"line":57,"column":8},"end":{"line":57,"column":8}},{"start":{"line":57,"column":8},"end":{"line":57,"column":8}}]}}},"contracts/filters/paraswap/WhitelistedZeroExV2Filter.sol":{"l":{"38":3,"39":3,"45":6,"46":1,"49":5,"51":5,"52":4,"53":4,"54":4,"55":1,"58":3,"61":1},"path":"/Users/julienniset/Argent/dev/argent-trustlists/contracts/filters/paraswap/WhitelistedZeroExV2Filter.sol","s":{"1":3,"2":3,"3":6,"4":1,"5":5,"6":5,"7":4,"8":4,"9":4,"10":1,"11":3,"12":1},"b":{"1":[1,5],"2":[4,1],"3":[1,3]},"f":{"1":3,"2":6},"fnMap":{"1":{"name":"constructor","line":37,"loc":{"start":{"line":37,"column":4},"end":{"line":41,"column":4}}},"2":{"name":"isValid","line":43,"loc":{"start":{"line":43,"column":4},"end":{"line":62,"column":4}}}},"statementMap":{"1":{"start":{"line":38,"column":8},"end":{"line":38,"column":1570}},"2":{"start":{"line":39,"column":12},"end":{"line":39,"column":48}},"3":{"start":{"line":45,"column":8},"end":{"line":45,"column":1876}},"4":{"start":{"line":46,"column":12},"end":{"line":46,"column":24}},"5":{"start":{"line":49,"column":8},"end":{"line":49,"column":42}},"6":{"start":{"line":51,"column":8},"end":{"line":51,"column":1990}},"7":{"start":{"line":52,"column":12},"end":{"line":52,"column":112}},"8":{"start":{"line":53,"column":12},"end":{"line":53,"column":2143}},"9":{"start":{"line":54,"column":16},"end":{"line":54,"column":2205}},"10":{"start":{"line":55,"column":20},"end":{"line":55,"column":32}},"11":{"start":{"line":58,"column":12},"end":{"line":58,"column":23}},"12":{"start":{"line":61,"column":8},"end":{"line":61,"column":20}}},"branchMap":{"1":{"line":45,"type":"if","locations":[{"start":{"line":45,"column":8},"end":{"line":45,"column":8}},{"start":{"line":45,"column":8},"end":{"line":45,"column":8}}]},"2":{"line":51,"type":"if","locations":[{"start":{"line":51,"column":8},"end":{"line":51,"column":8}},{"start":{"line":51,"column":8},"end":{"line":51,"column":8}}]},"3":{"line":54,"type":"if","locations":[{"start":{"line":54,"column":16},"end":{"line":54,"column":16}},{"start":{"line":54,"column":16},"end":{"line":54,"column":16}}]}}},"contracts/filters/paraswap/WhitelistedZeroExV4Filter.sol":{"l":{"39":3,"40":3,"46":8,"47":1,"50":7,"52":7,"53":4,"54":4,"57":3},"path":"/Users/julienniset/Argent/dev/argent-trustlists/contracts/filters/paraswap/WhitelistedZeroExV4Filter.sol","s":{"1":3,"2":3,"3":8,"4":1,"5":7,"6":7,"7":4,"8":4,"9":3},"b":{"1":[1,7],"2":[4,3]},"f":{"1":3,"2":8},"fnMap":{"1":{"name":"constructor","line":38,"loc":{"start":{"line":38,"column":4},"end":{"line":42,"column":4}}},"2":{"name":"isValid","line":44,"loc":{"start":{"line":44,"column":4},"end":{"line":58,"column":4}}}},"statementMap":{"1":{"start":{"line":39,"column":8},"end":{"line":39,"column":1657}},"2":{"start":{"line":40,"column":12},"end":{"line":40,"column":48}},"3":{"start":{"line":46,"column":8},"end":{"line":46,"column":1955}},"4":{"start":{"line":47,"column":12},"end":{"line":47,"column":24}},"5":{"start":{"line":50,"column":8},"end":{"line":50,"column":42}},"6":{"start":{"line":52,"column":8},"end":{"line":52,"column":2069}},"7":{"start":{"line":53,"column":12},"end":{"line":53,"column":107}},"8":{"start":{"line":54,"column":12},"end":{"line":54,"column":44}},"9":{"start":{"line":57,"column":8},"end":{"line":57,"column":59}}},"branchMap":{"1":{"line":46,"type":"if","locations":[{"start":{"line":46,"column":8},"end":{"line":46,"column":8}},{"start":{"line":46,"column":8},"end":{"line":46,"column":8}}]},"2":{"line":52,"type":"if","locations":[{"start":{"line":52,"column":8},"end":{"line":52,"column":8}},{"start":{"line":52,"column":8},"end":{"line":52,"column":8}}]}}},"contracts/filters/uniswap/UniswapV2UniZapFilter.sol":{"l":{"47":3,"48":3,"49":3,"50":3,"55":14,"56":1,"58":13,"60":13,"61":12,"62":6,"63":6,"65":6,"66":3,"67":3,"69":3,"70":3,"71":3,"76":1,"81":12,"82":12,"83":12,"87":12,"88":12},"path":"/Users/julienniset/Argent/dev/argent-trustlists/contracts/filters/uniswap/UniswapV2UniZapFilter.sol","s":{"1":3,"2":3,"3":3,"4":3,"5":14,"6":1,"7":13,"8":13,"9":12,"10":6,"11":6,"12":6,"13":3,"14":3,"15":3,"16":3,"17":3,"18":1,"19":12,"20":12,"21":12,"22":12,"23":12},"b":{"1":[1,13],"2":[12,1],"3":[6,6],"4":[3,3],"5":[3,0]},"f":{"1":3,"2":14,"3":12,"4":12},"fnMap":{"1":{"name":"constructor","line":46,"loc":{"start":{"line":46,"column":4},"end":{"line":51,"column":4}}},"2":{"name":"isValid","line":53,"loc":{"start":{"line":53,"column":4},"end":{"line":78,"column":4}}},"3":{"name":"isValidPair","line":80,"loc":{"start":{"line":80,"column":4},"end":{"line":84,"column":4}}},"4":{"name":"pairFor","line":86,"loc":{"start":{"line":86,"column":4},"end":{"line":94,"column":4}}}},"statementMap":{"1":{"start":{"line":47,"column":8},"end":{"line":47,"column":37}},"2":{"start":{"line":48,"column":8},"end":{"line":48,"column":31}},"3":{"start":{"line":49,"column":8},"end":{"line":49,"column":33}},"4":{"start":{"line":50,"column":8},"end":{"line":50,"column":19}},"5":{"start":{"line":55,"column":8},"end":{"line":55,"column":2333}},"6":{"start":{"line":56,"column":12},"end":{"line":56,"column":24}},"7":{"start":{"line":58,"column":8},"end":{"line":58,"column":40}},"8":{"start":{"line":60,"column":8},"end":{"line":60,"column":2522}},"9":{"start":{"line":61,"column":12},"end":{"line":61,"column":2561}},"10":{"start":{"line":62,"column":16},"end":{"line":62,"column":142}},"11":{"start":{"line":63,"column":16},"end":{"line":63,"column":74}},"12":{"start":{"line":65,"column":12},"end":{"line":65,"column":2888}},"13":{"start":{"line":66,"column":16},"end":{"line":66,"column":105}},"14":{"start":{"line":67,"column":16},"end":{"line":67,"column":71}},"15":{"start":{"line":69,"column":12},"end":{"line":69,"column":3134}},"16":{"start":{"line":70,"column":16},"end":{"line":70,"column":116}},"17":{"start":{"line":71,"column":16},"end":{"line":71,"column":71}},"18":{"start":{"line":76,"column":12},"end":{"line":76,"column":44}},"19":{"start":{"line":81,"column":8},"end":{"line":81,"column":48}},"20":{"start":{"line":82,"column":8},"end":{"line":82,"column":126}},"21":{"start":{"line":83,"column":8},"end":{"line":83,"column":49}},"22":{"start":{"line":87,"column":8},"end":{"line":87,"column":102}},"23":{"start":{"line":88,"column":8},"end":{"line":88,"column":4049}}},"branchMap":{"1":{"line":55,"type":"if","locations":[{"start":{"line":55,"column":8},"end":{"line":55,"column":8}},{"start":{"line":55,"column":8},"end":{"line":55,"column":8}}]},"2":{"line":60,"type":"if","locations":[{"start":{"line":60,"column":8},"end":{"line":60,"column":8}},{"start":{"line":60,"column":8},"end":{"line":60,"column":8}}]},"3":{"line":61,"type":"if","locations":[{"start":{"line":61,"column":12},"end":{"line":61,"column":12}},{"start":{"line":61,"column":12},"end":{"line":61,"column":12}}]},"4":{"line":65,"type":"if","locations":[{"start":{"line":65,"column":12},"end":{"line":65,"column":12}},{"start":{"line":65,"column":12},"end":{"line":65,"column":12}}]},"5":{"line":69,"type":"if","locations":[{"start":{"line":69,"column":12},"end":{"line":69,"column":12}},{"start":{"line":69,"column":12},"end":{"line":69,"column":12}}]}}},"contracts/filters/weth/WethFilter.sol":{"l":{"32":8,"33":2,"35":6,"36":5,"37":5},"path":"/Users/julienniset/Argent/dev/argent-trustlists/contracts/filters/weth/WethFilter.sol","s":{"1":8,"2":2,"3":6,"4":5,"5":5},"b":{"1":[2,6],"2":[5,1]},"f":{"1":8},"fnMap":{"1":{"name":"isValid","line":31,"loc":{"start":{"line":31,"column":4},"end":{"line":39,"column":4}}}},"statementMap":{"1":{"start":{"line":32,"column":8},"end":{"line":32,"column":1261}},"2":{"start":{"line":33,"column":12},"end":{"line":33,"column":23}},"3":{"start":{"line":35,"column":8},"end":{"line":35,"column":1329}},"4":{"start":{"line":36,"column":12},"end":{"line":36,"column":46}},"5":{"start":{"line":37,"column":12},"end":{"line":37,"column":83}}},"branchMap":{"1":{"line":32,"type":"if","locations":[{"start":{"line":32,"column":8},"end":{"line":32,"column":8}},{"start":{"line":32,"column":8},"end":{"line":32,"column":8}}]},"2":{"line":35,"type":"if","locations":[{"start":{"line":35,"column":8},"end":{"line":35,"column":8}},{"start":{"line":35,"column":8},"end":{"line":35,"column":8}}]}}},"contracts/filters/yearn/YearnFilter.sol":{"l":{"35":6,"40":13,"41":2,"43":11,"45":11,"46":9,"58":2},"path":"/Users/julienniset/Argent/dev/argent-trustlists/contracts/filters/yearn/YearnFilter.sol","s":{"1":6,"2":13,"3":2,"4":11,"5":11,"6":9,"7":2},"b":{"1":[2,11],"2":[9,2]},"f":{"1":6,"2":13},"fnMap":{"1":{"name":"constructor","line":34,"loc":{"start":{"line":34,"column":4},"end":{"line":36,"column":4}}},"2":{"name":"isValid","line":38,"loc":{"start":{"line":38,"column":4},"end":{"line":59,"column":4}}}},"statementMap":{"1":{"start":{"line":35,"column":8},"end":{"line":35,"column":23}},"2":{"start":{"line":40,"column":8},"end":{"line":40,"column":1729}},"3":{"start":{"line":41,"column":12},"end":{"line":41,"column":48}},"4":{"start":{"line":43,"column":8},"end":{"line":43,"column":40}},"5":{"start":{"line":45,"column":8},"end":{"line":45,"column":1864}},"6":{"start":{"line":46,"column":12},"end":{"line":46,"column":1907}},"7":{"start":{"line":58,"column":8},"end":{"line":58,"column":38}}},"branchMap":{"1":{"line":40,"type":"if","locations":[{"start":{"line":40,"column":8},"end":{"line":40,"column":8}},{"start":{"line":40,"column":8},"end":{"line":40,"column":8}}]},"2":{"line":45,"type":"if","locations":[{"start":{"line":45,"column":8},"end":{"line":45,"column":8}},{"start":{"line":45,"column":8},"end":{"line":45,"column":8}}]}}},"contracts/filters/yearn/YearnV2Filter.sol":{"l":{"44":7,"45":1,"48":6,"49":6,"50":1,"53":5,"54":4,"57":1},"path":"/Users/julienniset/Argent/dev/argent-trustlists/contracts/filters/yearn/YearnV2Filter.sol","s":{"1":7,"2":1,"3":6,"4":6,"5":1,"6":5,"7":4,"8":1},"b":{"1":[1,6],"2":[1,5],"3":[4,1]},"f":{"1":7},"fnMap":{"1":{"name":"isValid","line":42,"loc":{"start":{"line":42,"column":4},"end":{"line":58,"column":4}}}},"statementMap":{"1":{"start":{"line":44,"column":8},"end":{"line":44,"column":2040}},"2":{"start":{"line":45,"column":12},"end":{"line":45,"column":24}},"3":{"start":{"line":48,"column":8},"end":{"line":48,"column":40}},"4":{"start":{"line":49,"column":8},"end":{"line":49,"column":2151}},"5":{"start":{"line":50,"column":12},"end":{"line":50,"column":42}},"6":{"start":{"line":53,"column":8},"end":{"line":53,"column":2236}},"7":{"start":{"line":54,"column":12},"end":{"line":54,"column":23}},"8":{"start":{"line":57,"column":8},"end":{"line":57,"column":20}}},"branchMap":{"1":{"line":44,"type":"if","locations":[{"start":{"line":44,"column":8},"end":{"line":44,"column":8}},{"start":{"line":44,"column":8},"end":{"line":44,"column":8}}]},"2":{"line":49,"type":"if","locations":[{"start":{"line":49,"column":8},"end":{"line":49,"column":8}},{"start":{"line":49,"column":8},"end":{"line":49,"column":8}}]},"3":{"line":53,"type":"if","locations":[{"start":{"line":53,"column":8},"end":{"line":53,"column":8}},{"start":{"line":53,"column":8},"end":{"line":53,"column":8}}]}}},"contracts/interfaces/IAuthoriser.sol":{"l":{},"path":"/Users/julienniset/Argent/dev/argent-trustlists/contracts/interfaces/IAuthoriser.sol","s":{},"b":{},"f":{},"fnMap":{},"statementMap":{},"branchMap":{}},"contracts/interfaces/IFilter.sol":{"l":{},"path":"/Users/julienniset/Argent/dev/argent-trustlists/contracts/interfaces/IFilter.sol","s":{},"b":{},"f":{},"fnMap":{},"statementMap":{},"branchMap":{}},"contracts/interfaces/ITokenRegistry.sol":{"l":{},"path":"/Users/julienniset/Argent/dev/argent-trustlists/contracts/interfaces/ITokenRegistry.sol","s":{},"b":{},"f":{},"fnMap":{},"statementMap":{},"branchMap":{}},"contracts/TokenRegistry.sol":{"l":{"33":58,"37":33,"38":34,"39":8,"42":25,"46":2,"47":2,"48":4,"53":8,"54":8,"55":5,"56":21,"59":3,"60":2,"61":2,"62":1},"path":"/Users/julienniset/Argent/dev/argent-trustlists/contracts/TokenRegistry.sol","s":{"1":58,"2":33,"3":34,"4":8,"5":25,"6":2,"7":2,"8":4,"9":8,"10":8,"11":5,"12":21,"13":3,"14":2,"15":2,"16":1},"b":{"1":[8,26],"2":[8,0],"3":[5,3],"4":[2,1],"5":[1,1]},"f":{"1":58,"2":33,"3":2,"4":8},"fnMap":{"1":{"name":"isTokenTradable","line":32,"loc":{"start":{"line":32,"column":4},"end":{"line":34,"column":4}}},"2":{"name":"areTokensTradable","line":36,"loc":{"start":{"line":36,"column":4},"end":{"line":43,"column":4}}},"3":{"name":"getTradableForTokenList","line":45,"loc":{"start":{"line":45,"column":4},"end":{"line":50,"column":4}}},"4":{"name":"setTradableForTokenList","line":52,"loc":{"start":{"line":52,"column":4},"end":{"line":65,"column":4}}}},"statementMap":{"1":{"start":{"line":33,"column":8},"end":{"line":33,"column":39}},"2":{"start":{"line":37,"column":8},"end":{"line":37,"column":1446}},"3":{"start":{"line":38,"column":12},"end":{"line":38,"column":1509}},"4":{"start":{"line":39,"column":16},"end":{"line":39,"column":28}},"5":{"start":{"line":42,"column":8},"end":{"line":42,"column":19}},"6":{"start":{"line":46,"column":8},"end":{"line":46,"column":45}},"7":{"start":{"line":47,"column":8},"end":{"line":47,"column":1788}},"8":{"start":{"line":48,"column":12},"end":{"line":48,"column":48}},"9":{"start":{"line":53,"column":8},"end":{"line":53,"column":79}},"10":{"start":{"line":54,"column":8},"end":{"line":54,"column":2096}},"11":{"start":{"line":55,"column":12},"end":{"line":55,"column":2138}},"12":{"start":{"line":56,"column":16},"end":{"line":56,"column":52}},"13":{"start":{"line":59,"column":12},"end":{"line":59,"column":60}},"14":{"start":{"line":60,"column":12},"end":{"line":60,"column":2346}},"15":{"start":{"line":61,"column":16},"end":{"line":61,"column":75}},"16":{"start":{"line":62,"column":16},"end":{"line":62,"column":52}}},"branchMap":{"1":{"line":38,"type":"if","locations":[{"start":{"line":38,"column":12},"end":{"line":38,"column":12}},{"start":{"line":38,"column":12},"end":{"line":38,"column":12}}]},"2":{"line":53,"type":"if","locations":[{"start":{"line":53,"column":8},"end":{"line":53,"column":8}},{"start":{"line":53,"column":8},"end":{"line":53,"column":8}}]},"3":{"line":54,"type":"if","locations":[{"start":{"line":54,"column":8},"end":{"line":54,"column":8}},{"start":{"line":54,"column":8},"end":{"line":54,"column":8}}]},"4":{"line":59,"type":"if","locations":[{"start":{"line":59,"column":12},"end":{"line":59,"column":12}},{"start":{"line":59,"column":12},"end":{"line":59,"column":12}}]},"5":{"line":61,"type":"if","locations":[{"start":{"line":61,"column":16},"end":{"line":61,"column":16}},{"start":{"line":61,"column":16},"end":{"line":61,"column":16}}]}}}}