{"contracts/base/Managed.sol":{"l":{"34":0,"35":0,"46":0,"47":0,"48":0,"49":0,"59":0,"60":0,"61":0},"path":"/Users/julienniset/Argent/dev/argent-trustlists/contracts/base/Managed.sol","s":{"1":0,"2":0,"3":0,"4":0,"5":0,"6":0,"7":0},"b":{"1":[0,0],"2":[0,0],"3":[0,0],"4":[0,0]},"f":{"1":0,"2":0,"3":0},"fnMap":{"1":{"name":"onlyManager","line":33,"loc":{"start":{"line":33,"column":4},"end":{"line":36,"column":4}}},"2":{"name":"addManager","line":45,"loc":{"start":{"line":45,"column":4},"end":{"line":51,"column":4}}},"3":{"name":"revokeManager","line":57,"loc":{"start":{"line":57,"column":4},"end":{"line":62,"column":4}}}},"statementMap":{"1":{"start":{"line":34,"column":8},"end":{"line":34,"column":66}},"2":{"start":{"line":46,"column":8},"end":{"line":46,"column":69}},"3":{"start":{"line":47,"column":8},"end":{"line":47,"column":1549}},"4":{"start":{"line":48,"column":12},"end":{"line":48,"column":36}},"5":{"start":{"line":49,"column":12},"end":{"line":49,"column":39}},"6":{"start":{"line":59,"column":8},"end":{"line":59,"column":83}},"7":{"start":{"line":61,"column":8},"end":{"line":61,"column":37}}},"branchMap":{"1":{"line":34,"type":"if","locations":[{"start":{"line":34,"column":8},"end":{"line":34,"column":8}},{"start":{"line":34,"column":8},"end":{"line":34,"column":8}}]},"2":{"line":46,"type":"if","locations":[{"start":{"line":46,"column":8},"end":{"line":46,"column":8}},{"start":{"line":46,"column":8},"end":{"line":46,"column":8}}]},"3":{"line":47,"type":"if","locations":[{"start":{"line":47,"column":8},"end":{"line":47,"column":8}},{"start":{"line":47,"column":8},"end":{"line":47,"column":8}}]},"4":{"line":59,"type":"if","locations":[{"start":{"line":59,"column":8},"end":{"line":59,"column":8}},{"start":{"line":59,"column":8},"end":{"line":59,"column":8}}]}}},"contracts/base/Owned.sol":{"l":{"34":0,"35":0,"39":3,"47":0,"48":0,"49":0},"path":"/Users/julienniset/Argent/dev/argent-trustlists/contracts/base/Owned.sol","s":{"1":0,"2":3,"3":0,"4":0,"5":0},"b":{"1":[0,0],"2":[0,0]},"f":{"1":0,"2":3,"3":0},"fnMap":{"1":{"name":"onlyOwner","line":33,"loc":{"start":{"line":33,"column":4},"end":{"line":36,"column":4}}},"2":{"name":"constructor","line":38,"loc":{"start":{"line":38,"column":4},"end":{"line":40,"column":4}}},"3":{"name":"changeOwner","line":46,"loc":{"start":{"line":46,"column":4},"end":{"line":50,"column":4}}}},"statementMap":{"1":{"start":{"line":34,"column":8},"end":{"line":34,"column":52}},"2":{"start":{"line":39,"column":8},"end":{"line":39,"column":25}},"3":{"start":{"line":47,"column":8},"end":{"line":47,"column":67}},"4":{"start":{"line":48,"column":8},"end":{"line":48,"column":24}},"5":{"start":{"line":49,"column":8},"end":{"line":49,"column":36}}},"branchMap":{"1":{"line":34,"type":"if","locations":[{"start":{"line":34,"column":8},"end":{"line":34,"column":8}},{"start":{"line":34,"column":8},"end":{"line":34,"column":8}}]},"2":{"line":47,"type":"if","locations":[{"start":{"line":47,"column":8},"end":{"line":47,"column":8}},{"start":{"line":47,"column":8},"end":{"line":47,"column":8}}]}}},"contracts/DappRegistry.sol":{"l":{"51":34,"52":29,"57":51,"59":51,"61":51,"62":51,"73":2,"74":2,"85":87,"88":87,"89":87,"90":87,"91":87,"92":87,"93":87,"94":80,"95":80,"96":57,"101":30,"122":0,"123":0,"124":0,"127":0,"136":1,"137":1,"138":1,"139":1,"140":1,"141":1,"154":4,"155":3,"156":2,"157":2,"169":1,"170":1,"171":1,"180":1,"181":1,"182":1,"189":2,"190":2,"191":1,"192":1,"193":1,"194":1,"207":21,"208":21,"209":21,"219":19,"220":18,"222":18,"223":18,"233":2,"234":1,"235":1,"236":1,"248":2,"249":1,"251":1,"252":1,"261":3,"262":3,"263":2,"264":2,"265":1,"266":1,"267":1,"273":34,"274":34,"275":34},"path":"/Users/julienniset/Argent/dev/argent-trustlists/contracts/DappRegistry.sol","s":{"1":34,"2":51,"3":51,"4":51,"5":51,"6":2,"7":2,"8":87,"9":87,"10":87,"11":87,"12":87,"13":87,"14":87,"15":80,"16":80,"17":57,"18":30,"19":0,"20":0,"21":0,"22":0,"23":1,"24":1,"25":1,"26":1,"27":1,"28":1,"29":4,"30":3,"31":2,"32":2,"33":1,"34":1,"35":1,"36":1,"37":1,"38":1,"39":2,"40":2,"41":1,"42":1,"43":1,"44":1,"45":21,"46":21,"47":21,"48":19,"49":18,"50":18,"51":18,"52":2,"53":1,"54":2,"55":1,"56":1,"57":1,"58":3,"59":3,"60":2,"61":2,"62":1,"63":1,"64":34,"65":34,"66":34},"b":{"1":[87,0],"2":[80,7],"3":[57,23],"4":[0,0],"5":[1,0],"6":[1,0],"7":[3,1],"8":[2,1],"9":[1,0],"10":[1,1],"11":[18,1],"12":[1,1],"13":[1,1],"14":[2,1],"15":[1,1],"16":[34,0],"17":[29,5]},"f":{"1":34,"2":51,"3":2,"4":87,"5":0,"6":1,"7":4,"8":1,"9":1,"10":2,"11":21,"12":19,"13":2,"14":2,"15":3,"16":34},"fnMap":{"1":{"name":"onlyOwner","line":50,"loc":{"start":{"line":50,"column":4},"end":{"line":53,"column":4}}},"2":{"name":"constructor","line":55,"loc":{"start":{"line":55,"column":4},"end":{"line":63,"column":4}}},"3":{"name":"isEnabledRegistry","line":72,"loc":{"start":{"line":72,"column":4},"end":{"line":75,"column":4}}},"4":{"name":"isAuthorised","line":84,"loc":{"start":{"line":84,"column":4},"end":{"line":102,"column":4}}},"5":{"name":"areAuthorised","line":111,"loc":{"start":{"line":111,"column":4},"end":{"line":128,"column":4}}},"6":{"name":"toggleRegistry","line":135,"loc":{"start":{"line":135,"column":4},"end":{"line":143,"column":4}}},"7":{"name":"createRegistry","line":153,"loc":{"start":{"line":153,"column":4},"end":{"line":158,"column":4}}},"8":{"name":"changeOwner","line":168,"loc":{"start":{"line":168,"column":4},"end":{"line":172,"column":4}}},"9":{"name":"requestTimelockChange","line":179,"loc":{"start":{"line":179,"column":4},"end":{"line":183,"column":4}}},"10":{"name":"confirmTimelockChange","line":188,"loc":{"start":{"line":188,"column":4},"end":{"line":195,"column":4}}},"11":{"name":"getAuthorisation","line":206,"loc":{"start":{"line":206,"column":4},"end":{"line":210,"column":4}}},"12":{"name":"addDapp","line":218,"loc":{"start":{"line":218,"column":4},"end":{"line":224,"column":4}}},"13":{"name":"removeDapp","line":232,"loc":{"start":{"line":232,"column":4},"end":{"line":237,"column":4}}},"14":{"name":"requestFilterUpdate","line":247,"loc":{"start":{"line":247,"column":4},"end":{"line":253,"column":4}}},"15":{"name":"confirmFilterUpdate","line":260,"loc":{"start":{"line":260,"column":4},"end":{"line":268,"column":4}}},"16":{"name":"validateOwner","line":272,"loc":{"start":{"line":272,"column":4},"end":{"line":276,"column":4}}}},"statementMap":{"1":{"start":{"line":51,"column":8},"end":{"line":51,"column":33}},"2":{"start":{"line":57,"column":8},"end":{"line":57,"column":39}},"3":{"start":{"line":59,"column":8},"end":{"line":59,"column":37}},"4":{"start":{"line":61,"column":8},"end":{"line":61,"column":43}},"5":{"start":{"line":62,"column":8},"end":{"line":62,"column":45}},"6":{"start":{"line":73,"column":8},"end":{"line":73,"column":59}},"7":{"start":{"line":74,"column":8},"end":{"line":74,"column":134}},"8":{"start":{"line":85,"column":8},"end":{"line":85,"column":59}},"9":{"start":{"line":88,"column":8},"end":{"line":88,"column":4216}},"10":{"start":{"line":89,"column":12},"end":{"line":89,"column":146}},"11":{"start":{"line":90,"column":12},"end":{"line":90,"column":4472}},"12":{"start":{"line":91,"column":16},"end":{"line":91,"column":77}},"13":{"start":{"line":92,"column":16},"end":{"line":92,"column":59}},"14":{"start":{"line":93,"column":16},"end":{"line":93,"column":4677}},"15":{"start":{"line":94,"column":20},"end":{"line":94,"column":65}},"16":{"start":{"line":95,"column":20},"end":{"line":95,"column":4880}},"17":{"start":{"line":96,"column":24},"end":{"line":96,"column":35}},"18":{"start":{"line":101,"column":8},"end":{"line":101,"column":20}},"19":{"start":{"line":122,"column":8},"end":{"line":122,"column":5692}},"20":{"start":{"line":123,"column":12},"end":{"line":123,"column":5753}},"21":{"start":{"line":124,"column":16},"end":{"line":124,"column":28}},"22":{"start":{"line":127,"column":8},"end":{"line":127,"column":19}},"23":{"start":{"line":136,"column":8},"end":{"line":136,"column":81}},"24":{"start":{"line":137,"column":8},"end":{"line":137,"column":62}},"25":{"start":{"line":138,"column":8},"end":{"line":138,"column":142}},"26":{"start":{"line":139,"column":8},"end":{"line":139,"column":6559}},"27":{"start":{"line":140,"column":12},"end":{"line":140,"column":90}},"28":{"start":{"line":141,"column":12},"end":{"line":141,"column":67}},"29":{"start":{"line":154,"column":8},"end":{"line":154,"column":71}},"30":{"start":{"line":155,"column":8},"end":{"line":155,"column":83}},"31":{"start":{"line":156,"column":8},"end":{"line":156,"column":51}},"32":{"start":{"line":157,"column":8},"end":{"line":157,"column":57}},"33":{"start":{"line":169,"column":8},"end":{"line":169,"column":78}},"34":{"start":{"line":170,"column":8},"end":{"line":170,"column":54}},"35":{"start":{"line":171,"column":8},"end":{"line":171,"column":57}},"36":{"start":{"line":180,"column":8},"end":{"line":180,"column":45}},"37":{"start":{"line":181,"column":8},"end":{"line":181,"column":75}},"38":{"start":{"line":182,"column":8},"end":{"line":182,"column":56}},"39":{"start":{"line":189,"column":8},"end":{"line":189,"column":44}},"40":{"start":{"line":190,"column":8},"end":{"line":190,"column":128}},"41":{"start":{"line":191,"column":8},"end":{"line":191,"column":33}},"42":{"start":{"line":192,"column":8},"end":{"line":192,"column":28}},"43":{"start":{"line":193,"column":8},"end":{"line":193,"column":36}},"44":{"start":{"line":194,"column":8},"end":{"line":194,"column":39}},"45":{"start":{"line":207,"column":8},"end":{"line":207,"column":60}},"46":{"start":{"line":208,"column":8},"end":{"line":208,"column":44}},"47":{"start":{"line":209,"column":8},"end":{"line":209,"column":53}},"48":{"start":{"line":219,"column":8},"end":{"line":219,"column":90}},"49":{"start":{"line":220,"column":8},"end":{"line":220,"column":58}},"50":{"start":{"line":222,"column":8},"end":{"line":222,"column":96}},"51":{"start":{"line":223,"column":8},"end":{"line":223,"column":63}},"52":{"start":{"line":233,"column":8},"end":{"line":233,"column":84}},"53":{"start":{"line":236,"column":8},"end":{"line":236,"column":44}},"54":{"start":{"line":248,"column":8},"end":{"line":248,"column":84}},"55":{"start":{"line":249,"column":8},"end":{"line":249,"column":58}},"56":{"start":{"line":251,"column":8},"end":{"line":251,"column":102}},"57":{"start":{"line":252,"column":8},"end":{"line":252,"column":75}},"58":{"start":{"line":261,"column":8},"end":{"line":261,"column":69}},"59":{"start":{"line":262,"column":8},"end":{"line":262,"column":59}},"60":{"start":{"line":263,"column":8},"end":{"line":263,"column":54}},"61":{"start":{"line":264,"column":8},"end":{"line":264,"column":78}},"62":{"start":{"line":265,"column":8},"end":{"line":265,"column":60}},"63":{"start":{"line":266,"column":8},"end":{"line":266,"column":91}},"64":{"start":{"line":273,"column":8},"end":{"line":273,"column":51}},"65":{"start":{"line":274,"column":8},"end":{"line":274,"column":59}},"66":{"start":{"line":275,"column":8},"end":{"line":275,"column":67}}},"branchMap":{"1":{"line":90,"type":"if","locations":[{"start":{"line":90,"column":12},"end":{"line":90,"column":12}},{"start":{"line":90,"column":12},"end":{"line":90,"column":12}}]},"2":{"line":93,"type":"if","locations":[{"start":{"line":93,"column":16},"end":{"line":93,"column":16}},{"start":{"line":93,"column":16},"end":{"line":93,"column":16}}]},"3":{"line":95,"type":"if","locations":[{"start":{"line":95,"column":20},"end":{"line":95,"column":20}},{"start":{"line":95,"column":20},"end":{"line":95,"column":20}}]},"4":{"line":123,"type":"if","locations":[{"start":{"line":123,"column":12},"end":{"line":123,"column":12}},{"start":{"line":123,"column":12},"end":{"line":123,"column":12}}]},"5":{"line":136,"type":"if","locations":[{"start":{"line":136,"column":8},"end":{"line":136,"column":8}},{"start":{"line":136,"column":8},"end":{"line":136,"column":8}}]},"6":{"line":139,"type":"if","locations":[{"start":{"line":139,"column":8},"end":{"line":139,"column":8}},{"start":{"line":139,"column":8},"end":{"line":139,"column":8}}]},"7":{"line":154,"type":"if","locations":[{"start":{"line":154,"column":8},"end":{"line":154,"column":8}},{"start":{"line":154,"column":8},"end":{"line":154,"column":8}}]},"8":{"line":155,"type":"if","locations":[{"start":{"line":155,"column":8},"end":{"line":155,"column":8}},{"start":{"line":155,"column":8},"end":{"line":155,"column":8}}]},"9":{"line":169,"type":"if","locations":[{"start":{"line":169,"column":8},"end":{"line":169,"column":8}},{"start":{"line":169,"column":8},"end":{"line":169,"column":8}}]},"10":{"line":190,"type":"if","locations":[{"start":{"line":190,"column":8},"end":{"line":190,"column":8}},{"start":{"line":190,"column":8},"end":{"line":190,"column":8}}]},"11":{"line":219,"type":"if","locations":[{"start":{"line":219,"column":8},"end":{"line":219,"column":8}},{"start":{"line":219,"column":8},"end":{"line":219,"column":8}}]},"12":{"line":233,"type":"if","locations":[{"start":{"line":233,"column":8},"end":{"line":233,"column":8}},{"start":{"line":233,"column":8},"end":{"line":233,"column":8}}]},"13":{"line":248,"type":"if","locations":[{"start":{"line":248,"column":8},"end":{"line":248,"column":8}},{"start":{"line":248,"column":8},"end":{"line":248,"column":8}}]},"14":{"line":262,"type":"if","locations":[{"start":{"line":262,"column":8},"end":{"line":262,"column":8}},{"start":{"line":262,"column":8},"end":{"line":262,"column":8}}]},"15":{"line":264,"type":"if","locations":[{"start":{"line":264,"column":8},"end":{"line":264,"column":8}},{"start":{"line":264,"column":8},"end":{"line":264,"column":8}}]},"16":{"line":274,"type":"if","locations":[{"start":{"line":274,"column":8},"end":{"line":274,"column":8}},{"start":{"line":274,"column":8},"end":{"line":274,"column":8}}]},"17":{"line":275,"type":"if","locations":[{"start":{"line":275,"column":8},"end":{"line":275,"column":8}},{"start":{"line":275,"column":8},"end":{"line":275,"column":8}}]}}},"contracts/filters/aave/AaveV1ATokenFilter.sol":{"l":{"26":1,"28":1},"path":"/Users/julienniset/Argent/dev/argent-trustlists/contracts/filters/aave/AaveV1ATokenFilter.sol","s":{"1":1,"2":1},"b":{},"f":{"1":1},"fnMap":{"1":{"name":"isValid","line":25,"loc":{"start":{"line":25,"column":4},"end":{"line":29,"column":4}}}},"statementMap":{"1":{"start":{"line":26,"column":8},"end":{"line":26,"column":40}},"2":{"start":{"line":28,"column":8},"end":{"line":28,"column":33}}},"branchMap":{}},"contracts/filters/aave/AaveV1Filter.sol":{"l":{"26":2,"28":2},"path":"/Users/julienniset/Argent/dev/argent-trustlists/contracts/filters/aave/AaveV1Filter.sol","s":{"1":2,"2":2},"b":{},"f":{"1":2},"fnMap":{"1":{"name":"isValid","line":25,"loc":{"start":{"line":25,"column":4},"end":{"line":29,"column":4}}}},"statementMap":{"1":{"start":{"line":26,"column":8},"end":{"line":26,"column":40}},"2":{"start":{"line":28,"column":8},"end":{"line":28,"column":34}}},"branchMap":{}},"contracts/filters/aave/AaveV2Filter.sol":{"l":{"29":6,"30":1,"32":5,"35":5,"36":4,"40":1},"path":"/Users/julienniset/Argent/dev/argent-trustlists/contracts/filters/aave/AaveV2Filter.sol","s":{"1":6,"2":1,"3":5,"4":5,"5":4,"6":1},"b":{"1":[1,5],"2":[4,1]},"f":{"1":6},"fnMap":{"1":{"name":"isValid","line":27,"loc":{"start":{"line":27,"column":4},"end":{"line":41,"column":4}}}},"statementMap":{"1":{"start":{"line":29,"column":8},"end":{"line":29,"column":1320}},"2":{"start":{"line":30,"column":12},"end":{"line":30,"column":24}},"3":{"start":{"line":32,"column":8},"end":{"line":32,"column":40}},"4":{"start":{"line":35,"column":8},"end":{"line":35,"column":1505}},"5":{"start":{"line":36,"column":12},"end":{"line":36,"column":63}},"6":{"start":{"line":40,"column":8},"end":{"line":40,"column":40}}},"branchMap":{"1":{"line":29,"type":"if","locations":[{"start":{"line":29,"column":8},"end":{"line":29,"column":8}},{"start":{"line":29,"column":8},"end":{"line":29,"column":8}}]},"2":{"line":35,"type":"if","locations":[{"start":{"line":35,"column":8},"end":{"line":35,"column":8}},{"start":{"line":35,"column":8},"end":{"line":35,"column":8}}]}}},"contracts/filters/balancer/BalancerFilter.sol":{"l":{"30":4,"31":0,"33":4,"37":4},"path":"/Users/julienniset/Argent/dev/argent-trustlists/contracts/filters/balancer/BalancerFilter.sol","s":{"1":4,"2":0,"3":4,"4":4},"b":{"1":[0,4]},"f":{"1":4},"fnMap":{"1":{"name":"isValid","line":28,"loc":{"start":{"line":28,"column":4},"end":{"line":38,"column":4}}}},"statementMap":{"1":{"start":{"line":30,"column":8},"end":{"line":30,"column":1458}},"2":{"start":{"line":31,"column":12},"end":{"line":31,"column":24}},"3":{"start":{"line":33,"column":8},"end":{"line":33,"column":40}},"4":{"start":{"line":37,"column":8},"end":{"line":37,"column":105}}},"branchMap":{"1":{"line":30,"type":"if","locations":[{"start":{"line":30,"column":8},"end":{"line":30,"column":8}},{"start":{"line":30,"column":8},"end":{"line":30,"column":8}}]}}},"contracts/filters/BaseFilter.sol":{"l":{"24":68},"path":"/Users/julienniset/Argent/dev/argent-trustlists/contracts/filters/BaseFilter.sol","s":{},"b":{},"f":{"1":68},"fnMap":{"1":{"name":"getMethod","line":22,"loc":{"start":{"line":22,"column":4},"end":{"line":27,"column":4}}}},"statementMap":{},"branchMap":{}},"contracts/filters/compound/CompoundCTokenFilter.sol":{"l":{"35":6,"40":16,"41":2,"43":14,"45":14,"46":12,"47":6,"54":6,"64":2},"path":"/Users/julienniset/Argent/dev/argent-trustlists/contracts/filters/compound/CompoundCTokenFilter.sol","s":{"1":6,"2":16,"3":2,"4":14,"5":14,"6":12,"7":6,"8":6,"9":2},"b":{"1":[2,14],"2":[12,2],"3":[6,6]},"f":{"1":6,"2":16},"fnMap":{"1":{"name":"constructor","line":34,"loc":{"start":{"line":34,"column":4},"end":{"line":36,"column":4}}},"2":{"name":"isValid","line":38,"loc":{"start":{"line":38,"column":4},"end":{"line":66,"column":4}}}},"statementMap":{"1":{"start":{"line":35,"column":8},"end":{"line":35,"column":31}},"2":{"start":{"line":40,"column":8},"end":{"line":40,"column":1854}},"3":{"start":{"line":41,"column":12},"end":{"line":41,"column":68}},"4":{"start":{"line":43,"column":8},"end":{"line":43,"column":40}},"5":{"start":{"line":45,"column":8},"end":{"line":45,"column":2034}},"6":{"start":{"line":46,"column":12},"end":{"line":46,"column":2073}},"7":{"start":{"line":47,"column":16},"end":{"line":47,"column":2157}},"8":{"start":{"line":54,"column":16},"end":{"line":54,"column":2450}},"9":{"start":{"line":64,"column":12},"end":{"line":64,"column":65}}},"branchMap":{"1":{"line":40,"type":"if","locations":[{"start":{"line":40,"column":8},"end":{"line":40,"column":8}},{"start":{"line":40,"column":8},"end":{"line":40,"column":8}}]},"2":{"line":45,"type":"if","locations":[{"start":{"line":45,"column":8},"end":{"line":45,"column":8}},{"start":{"line":45,"column":8},"end":{"line":45,"column":8}}]},"3":{"line":46,"type":"if","locations":[{"start":{"line":46,"column":12},"end":{"line":46,"column":12}},{"start":{"line":46,"column":12},"end":{"line":46,"column":12}}]}}},"contracts/filters/curve/CurveFilter.sol":{"l":{"45":16,"46":3,"49":13,"50":13,"51":10,"57":3},"path":"/Users/julienniset/Argent/dev/argent-trustlists/contracts/filters/curve/CurveFilter.sol","s":{"1":16,"2":3,"3":13,"4":13,"5":10,"6":3},"b":{"1":[3,13],"2":[10,3]},"f":{"1":16},"fnMap":{"1":{"name":"isValid","line":43,"loc":{"start":{"line":43,"column":4},"end":{"line":59,"column":4}}}},"statementMap":{"1":{"start":{"line":45,"column":8},"end":{"line":45,"column":2495}},"2":{"start":{"line":46,"column":12},"end":{"line":46,"column":24}},"3":{"start":{"line":49,"column":8},"end":{"line":49,"column":40}},"4":{"start":{"line":50,"column":8},"end":{"line":50,"column":2606}},"5":{"start":{"line":51,"column":12},"end":{"line":51,"column":2645}},"6":{"start":{"line":57,"column":12},"end":{"line":57,"column":44}}},"branchMap":{"1":{"line":45,"type":"if","locations":[{"start":{"line":45,"column":8},"end":{"line":45,"column":8}},{"start":{"line":45,"column":8},"end":{"line":45,"column":8}}]},"2":{"line":50,"type":"if","locations":[{"start":{"line":50,"column":8},"end":{"line":50,"column":8}},{"start":{"line":50,"column":8},"end":{"line":50,"column":8}}]}}},"contracts/filters/erc20/OnlyApproveFilter.sol":{"l":{"26":2},"path":"/Users/julienniset/Argent/dev/argent-trustlists/contracts/filters/erc20/OnlyApproveFilter.sol","s":{"1":2},"b":{},"f":{"1":2},"fnMap":{"1":{"name":"isValid","line":25,"loc":{"start":{"line":25,"column":4},"end":{"line":27,"column":4}}}},"statementMap":{"1":{"start":{"line":26,"column":8},"end":{"line":26,"column":90}}},"branchMap":{}},"contracts/filters/lido/LidoFilter.sol":{"l":{"26":3,"27":1,"29":2,"30":1,"31":1},"path":"/Users/julienniset/Argent/dev/argent-trustlists/contracts/filters/lido/LidoFilter.sol","s":{"1":3,"2":1,"3":2,"4":1,"5":1},"b":{"1":[1,2],"2":[1,1]},"f":{"1":3},"fnMap":{"1":{"name":"isValid","line":24,"loc":{"start":{"line":24,"column":2},"end":{"line":33,"column":2}}}},"statementMap":{"1":{"start":{"line":26,"column":4},"end":{"line":26,"column":1119}},"2":{"start":{"line":27,"column":8},"end":{"line":27,"column":19}},"3":{"start":{"line":29,"column":4},"end":{"line":29,"column":1175}},"4":{"start":{"line":30,"column":6},"end":{"line":30,"column":40}},"5":{"start":{"line":31,"column":6},"end":{"line":31,"column":33}}},"branchMap":{"1":{"line":26,"type":"if","locations":[{"start":{"line":26,"column":4},"end":{"line":26,"column":4}},{"start":{"line":26,"column":4},"end":{"line":26,"column":4}}]},"2":{"line":29,"type":"if","locations":[{"start":{"line":29,"column":4},"end":{"line":29,"column":4}},{"start":{"line":29,"column":4},"end":{"line":29,"column":4}}]}}},"contracts/filters/uniswap/UniswapV2UniZapFilter.sol":{"l":{"47":3,"48":3,"49":3,"50":3,"55":14,"56":1,"58":13,"60":13,"61":12,"62":6,"63":6,"65":6,"66":3,"67":3,"69":3,"70":3,"71":3,"76":1,"81":12,"82":12,"83":12,"87":12,"88":12},"path":"/Users/julienniset/Argent/dev/argent-trustlists/contracts/filters/uniswap/UniswapV2UniZapFilter.sol","s":{"1":3,"2":3,"3":3,"4":3,"5":14,"6":1,"7":13,"8":13,"9":12,"10":6,"11":6,"12":6,"13":3,"14":3,"15":3,"16":3,"17":3,"18":1,"19":12,"20":12,"21":12,"22":12,"23":12},"b":{"1":[1,13],"2":[12,1],"3":[6,6],"4":[3,3],"5":[3,0]},"f":{"1":3,"2":14,"3":12,"4":12},"fnMap":{"1":{"name":"constructor","line":46,"loc":{"start":{"line":46,"column":4},"end":{"line":51,"column":4}}},"2":{"name":"isValid","line":53,"loc":{"start":{"line":53,"column":4},"end":{"line":78,"column":4}}},"3":{"name":"isValidPair","line":80,"loc":{"start":{"line":80,"column":4},"end":{"line":84,"column":4}}},"4":{"name":"pairFor","line":86,"loc":{"start":{"line":86,"column":4},"end":{"line":94,"column":4}}}},"statementMap":{"1":{"start":{"line":47,"column":8},"end":{"line":47,"column":37}},"2":{"start":{"line":48,"column":8},"end":{"line":48,"column":31}},"3":{"start":{"line":49,"column":8},"end":{"line":49,"column":33}},"4":{"start":{"line":50,"column":8},"end":{"line":50,"column":19}},"5":{"start":{"line":55,"column":8},"end":{"line":55,"column":2333}},"6":{"start":{"line":56,"column":12},"end":{"line":56,"column":24}},"7":{"start":{"line":58,"column":8},"end":{"line":58,"column":40}},"8":{"start":{"line":60,"column":8},"end":{"line":60,"column":2522}},"9":{"start":{"line":61,"column":12},"end":{"line":61,"column":2561}},"10":{"start":{"line":62,"column":16},"end":{"line":62,"column":142}},"11":{"start":{"line":63,"column":16},"end":{"line":63,"column":74}},"12":{"start":{"line":65,"column":12},"end":{"line":65,"column":2888}},"13":{"start":{"line":66,"column":16},"end":{"line":66,"column":105}},"14":{"start":{"line":67,"column":16},"end":{"line":67,"column":71}},"15":{"start":{"line":69,"column":12},"end":{"line":69,"column":3134}},"16":{"start":{"line":70,"column":16},"end":{"line":70,"column":116}},"17":{"start":{"line":71,"column":16},"end":{"line":71,"column":71}},"18":{"start":{"line":76,"column":12},"end":{"line":76,"column":44}},"19":{"start":{"line":81,"column":8},"end":{"line":81,"column":48}},"20":{"start":{"line":82,"column":8},"end":{"line":82,"column":126}},"21":{"start":{"line":83,"column":8},"end":{"line":83,"column":49}},"22":{"start":{"line":87,"column":8},"end":{"line":87,"column":102}},"23":{"start":{"line":88,"column":8},"end":{"line":88,"column":4049}}},"branchMap":{"1":{"line":55,"type":"if","locations":[{"start":{"line":55,"column":8},"end":{"line":55,"column":8}},{"start":{"line":55,"column":8},"end":{"line":55,"column":8}}]},"2":{"line":60,"type":"if","locations":[{"start":{"line":60,"column":8},"end":{"line":60,"column":8}},{"start":{"line":60,"column":8},"end":{"line":60,"column":8}}]},"3":{"line":61,"type":"if","locations":[{"start":{"line":61,"column":12},"end":{"line":61,"column":12}},{"start":{"line":61,"column":12},"end":{"line":61,"column":12}}]},"4":{"line":65,"type":"if","locations":[{"start":{"line":65,"column":12},"end":{"line":65,"column":12}},{"start":{"line":65,"column":12},"end":{"line":65,"column":12}}]},"5":{"line":69,"type":"if","locations":[{"start":{"line":69,"column":12},"end":{"line":69,"column":12}},{"start":{"line":69,"column":12},"end":{"line":69,"column":12}}]}}},"contracts/filters/weth/WethFilter.sol":{"l":{"32":3,"33":1,"35":2,"36":2,"37":2},"path":"/Users/julienniset/Argent/dev/argent-trustlists/contracts/filters/weth/WethFilter.sol","s":{"1":3,"2":1,"3":2,"4":2,"5":2},"b":{"1":[1,2],"2":[2,0]},"f":{"1":3},"fnMap":{"1":{"name":"isValid","line":31,"loc":{"start":{"line":31,"column":4},"end":{"line":39,"column":4}}}},"statementMap":{"1":{"start":{"line":32,"column":8},"end":{"line":32,"column":1261}},"2":{"start":{"line":33,"column":12},"end":{"line":33,"column":23}},"3":{"start":{"line":35,"column":8},"end":{"line":35,"column":1329}},"4":{"start":{"line":36,"column":12},"end":{"line":36,"column":46}},"5":{"start":{"line":37,"column":12},"end":{"line":37,"column":83}}},"branchMap":{"1":{"line":32,"type":"if","locations":[{"start":{"line":32,"column":8},"end":{"line":32,"column":8}},{"start":{"line":32,"column":8},"end":{"line":32,"column":8}}]},"2":{"line":35,"type":"if","locations":[{"start":{"line":35,"column":8},"end":{"line":35,"column":8}},{"start":{"line":35,"column":8},"end":{"line":35,"column":8}}]}}},"contracts/filters/yearn/YearnFilter.sol":{"l":{"35":6,"40":13,"41":2,"43":11,"45":11,"46":9,"58":2},"path":"/Users/julienniset/Argent/dev/argent-trustlists/contracts/filters/yearn/YearnFilter.sol","s":{"1":6,"2":13,"3":2,"4":11,"5":11,"6":9,"7":2},"b":{"1":[2,11],"2":[9,2]},"f":{"1":6,"2":13},"fnMap":{"1":{"name":"constructor","line":34,"loc":{"start":{"line":34,"column":4},"end":{"line":36,"column":4}}},"2":{"name":"isValid","line":38,"loc":{"start":{"line":38,"column":4},"end":{"line":59,"column":4}}}},"statementMap":{"1":{"start":{"line":35,"column":8},"end":{"line":35,"column":23}},"2":{"start":{"line":40,"column":8},"end":{"line":40,"column":1729}},"3":{"start":{"line":41,"column":12},"end":{"line":41,"column":48}},"4":{"start":{"line":43,"column":8},"end":{"line":43,"column":40}},"5":{"start":{"line":45,"column":8},"end":{"line":45,"column":1864}},"6":{"start":{"line":46,"column":12},"end":{"line":46,"column":1907}},"7":{"start":{"line":58,"column":8},"end":{"line":58,"column":38}}},"branchMap":{"1":{"line":40,"type":"if","locations":[{"start":{"line":40,"column":8},"end":{"line":40,"column":8}},{"start":{"line":40,"column":8},"end":{"line":40,"column":8}}]},"2":{"line":45,"type":"if","locations":[{"start":{"line":45,"column":8},"end":{"line":45,"column":8}},{"start":{"line":45,"column":8},"end":{"line":45,"column":8}}]}}},"contracts/interfaces/IAuthoriser.sol":{"l":{},"path":"/Users/julienniset/Argent/dev/argent-trustlists/contracts/interfaces/IAuthoriser.sol","s":{},"b":{},"f":{},"fnMap":{},"statementMap":{},"branchMap":{}},"contracts/interfaces/IFilter.sol":{"l":{},"path":"/Users/julienniset/Argent/dev/argent-trustlists/contracts/interfaces/IFilter.sol","s":{},"b":{},"f":{},"fnMap":{},"statementMap":{},"branchMap":{}},"contracts/interfaces/ITokenRegistry.sol":{"l":{},"path":"/Users/julienniset/Argent/dev/argent-trustlists/contracts/interfaces/ITokenRegistry.sol","s":{},"b":{},"f":{},"fnMap":{},"statementMap":{},"branchMap":{}},"contracts/TokenRegistry.sol":{"l":{"33":12,"37":0,"38":0,"39":0,"42":0,"46":0,"47":0,"48":0,"53":1,"54":1,"55":1,"56":2,"59":0,"60":0,"61":0,"62":0},"path":"/Users/julienniset/Argent/dev/argent-trustlists/contracts/TokenRegistry.sol","s":{"1":12,"2":0,"3":0,"4":0,"5":0,"6":0,"7":0,"8":0,"9":1,"10":1,"11":1,"12":2,"13":0,"14":0,"15":0,"16":0},"b":{"1":[0,0],"2":[1,0],"3":[1,0],"4":[0,0],"5":[0,0]},"f":{"1":12,"2":0,"3":0,"4":1},"fnMap":{"1":{"name":"isTokenTradable","line":32,"loc":{"start":{"line":32,"column":4},"end":{"line":34,"column":4}}},"2":{"name":"areTokensTradable","line":36,"loc":{"start":{"line":36,"column":4},"end":{"line":43,"column":4}}},"3":{"name":"getTradableForTokenList","line":45,"loc":{"start":{"line":45,"column":4},"end":{"line":50,"column":4}}},"4":{"name":"setTradableForTokenList","line":52,"loc":{"start":{"line":52,"column":4},"end":{"line":65,"column":4}}}},"statementMap":{"1":{"start":{"line":33,"column":8},"end":{"line":33,"column":39}},"2":{"start":{"line":37,"column":8},"end":{"line":37,"column":1446}},"3":{"start":{"line":38,"column":12},"end":{"line":38,"column":1509}},"4":{"start":{"line":39,"column":16},"end":{"line":39,"column":28}},"5":{"start":{"line":42,"column":8},"end":{"line":42,"column":19}},"6":{"start":{"line":46,"column":8},"end":{"line":46,"column":45}},"7":{"start":{"line":47,"column":8},"end":{"line":47,"column":1788}},"8":{"start":{"line":48,"column":12},"end":{"line":48,"column":48}},"9":{"start":{"line":53,"column":8},"end":{"line":53,"column":79}},"10":{"start":{"line":54,"column":8},"end":{"line":54,"column":2096}},"11":{"start":{"line":55,"column":12},"end":{"line":55,"column":2138}},"12":{"start":{"line":56,"column":16},"end":{"line":56,"column":52}},"13":{"start":{"line":59,"column":12},"end":{"line":59,"column":60}},"14":{"start":{"line":60,"column":12},"end":{"line":60,"column":2346}},"15":{"start":{"line":61,"column":16},"end":{"line":61,"column":75}},"16":{"start":{"line":62,"column":16},"end":{"line":62,"column":52}}},"branchMap":{"1":{"line":38,"type":"if","locations":[{"start":{"line":38,"column":12},"end":{"line":38,"column":12}},{"start":{"line":38,"column":12},"end":{"line":38,"column":12}}]},"2":{"line":53,"type":"if","locations":[{"start":{"line":53,"column":8},"end":{"line":53,"column":8}},{"start":{"line":53,"column":8},"end":{"line":53,"column":8}}]},"3":{"line":54,"type":"if","locations":[{"start":{"line":54,"column":8},"end":{"line":54,"column":8}},{"start":{"line":54,"column":8},"end":{"line":54,"column":8}}]},"4":{"line":59,"type":"if","locations":[{"start":{"line":59,"column":12},"end":{"line":59,"column":12}},{"start":{"line":59,"column":12},"end":{"line":59,"column":12}}]},"5":{"line":61,"type":"if","locations":[{"start":{"line":61,"column":16},"end":{"line":61,"column":16}},{"start":{"line":61,"column":16},"end":{"line":61,"column":16}}]}}}}